#
# There is insufficient memory for the Java Runtime Environment to continue.
# Native memory allocation (mmap) failed to map 81788928 bytes for G1 virtual space
# Possible reasons:
#   The system is out of physical RAM or swap space
#   The process is running with CompressedOops enabled, and the Java Heap may be blocking the growth of the native heap
# Possible solutions:
#   Reduce memory load on the system
#   Increase physical memory or swap space
#   Check if swap backing store is full
#   Decrease Java heap size (-Xmx/-Xms)
#   Decrease number of Java threads
#   Decrease Java thread stack sizes (-Xss)
#   Set larger code cache with -XX:ReservedCodeCacheSize=
#   JVM is running with Zero Based Compressed Oops mode in which the Java heap is
#     placed in the first 32GB address space. The Java Heap base address is the
#     maximum limit for the native heap growth. Please use -XX:HeapBaseMinAddress
#     to set the Java Heap base and to place the Java Heap above 32GB virtual address.
# This output file may be truncated or incomplete.
#
#  Out of Memory Error (os_windows.cpp:3769), pid=34740, tid=33556
#
# JRE version: OpenJDK Runtime Environment (17.0.6) (build 17.0.6+0-b2043.56-10027231)
# Java VM: OpenJDK 64-Bit Server VM (17.0.6+0-b2043.56-10027231, mixed mode, tiered, compressed oops, compressed class ptrs, g1 gc, windows-amd64)
# No core dump will be written. Minidumps are not enabled by default on client versions of Windows
#

---------------  S U M M A R Y ------------

Command Line: --add-opens=java.base/java.util=ALL-UNNAMED --add-opens=java.base/java.lang=ALL-UNNAMED --add-opens=java.base/java.lang.invoke=ALL-UNNAMED --add-opens=java.prefs/java.util.prefs=ALL-UNNAMED --add-opens=java.base/java.nio.charset=ALL-UNNAMED --add-opens=java.base/java.net=ALL-UNNAMED --add-opens=java.base/java.util.concurrent.atomic=ALL-UNNAMED -Xmx4G -Dfile.encoding=windows-1252 -Duser.country=IN -Duser.language=en -Duser.variant org.gradle.launcher.daemon.bootstrap.GradleDaemon 7.6.3

Host: AMD Ryzen 5 5500U with Radeon Graphics         , 12 cores, 5G,  Windows 11 , 64 bit Build 22621 (10.0.22621.3374)
Time: Thu May  2 10:33:17 2024 India Standard Time elapsed time: 29.680367 seconds (0d 0h 0m 29s)

---------------  T H R E A D  ---------------

Current thread (0x0000021e5041fa00):  VMThread "VM Thread" [stack: 0x000000f329e00000,0x000000f329f00000] [id=33556]

Stack: [0x000000f329e00000,0x000000f329f00000]
Native frames: (J=compiled Java code, j=interpreted, Vv=VM code, C=native code)
V  [jvm.dll+0x683c9a]
V  [jvm.dll+0x8427a4]
V  [jvm.dll+0x843f9e]
V  [jvm.dll+0x844603]
V  [jvm.dll+0x249b75]
V  [jvm.dll+0x680b69]
V  [jvm.dll+0x67505a]
V  [jvm.dll+0x309acb]
V  [jvm.dll+0x310f86]
V  [jvm.dll+0x3608ee]
V  [jvm.dll+0x360b1f]
V  [jvm.dll+0x2dfbf8]
V  [jvm.dll+0x2ddec4]
V  [jvm.dll+0x2dd4cc]
V  [jvm.dll+0x321f3b]
V  [jvm.dll+0x848ccb]
V  [jvm.dll+0x849a04]
V  [jvm.dll+0x849f1d]
V  [jvm.dll+0x84a2f4]
V  [jvm.dll+0x84a3c0]
V  [jvm.dll+0x7f274a]
V  [jvm.dll+0x682ad5]
C  [ucrtbase.dll+0x29333]
C  [KERNEL32.DLL+0x1257d]
C  [ntdll.dll+0x5aa48]

VM_Operation (0x000000f32b5f8a40): G1CollectForAllocation, mode: safepoint, requested by thread 0x0000021e51efaed0


---------------  P R O C E S S  ---------------

Threads class SMR info:
_java_thread_list=0x0000021e5b545ec0, length=184, elements={
0x0000021e2eae00e0, 0x0000021e50433260, 0x0000021e504340d0, 0x0000021e4f0711b0,
0x0000021e4f072d70, 0x0000021e4f075c30, 0x0000021e4f0764f0, 0x0000021e4f077690,
0x0000021e4f078130, 0x0000021e5049b030, 0x0000021e50601bb0, 0x0000021e50604090,
0x0000021e51f66030, 0x0000021e51cc4010, 0x0000021e51a55910, 0x0000021e51b145e0,
0x0000021e51f16830, 0x0000021e51ef8d20, 0x0000021e51efaed0, 0x0000021e51efb3a0,
0x0000021e51efc6e0, 0x0000021e51ef9b90, 0x0000021e51efb870, 0x0000021e51efbd40,
0x0000021e51efa530, 0x0000021e51ef91f0, 0x0000021e51efaa00, 0x0000021e51ef96c0,
0x0000021e51efa060, 0x0000021e51efc210, 0x0000021e557d6f80, 0x0000021e557d5770,
0x0000021e557d52a0, 0x0000021e557d18e0, 0x0000021e557d6ab0, 0x0000021e557d7450,
0x0000021e557d7920, 0x0000021e557d3f60, 0x0000021e557d4430, 0x0000021e557d05a0,
0x0000021e557d1410, 0x0000021e557d3a90, 0x0000021e557d2c20, 0x0000021e557d30f0,
0x0000021e557d35c0, 0x0000021e52bb1dd0, 0x0000021e52bad0d0, 0x0000021e52bb35e0,
0x0000021e52bb3f80, 0x0000021e52badf40, 0x0000021e52bb00f0, 0x0000021e52bb2c40,
0x0000021e52bb3110, 0x0000021e52baedb0, 0x0000021e52bb1430, 0x0000021e52bad5a0,
0x0000021e52bb0a90, 0x0000021e52bada70, 0x0000021e52bb3ab0, 0x0000021e52bb22a0,
0x0000021e52bac730, 0x0000021e52bacc00, 0x0000021e52baf280, 0x0000021e52bb1900,
0x0000021e52bae8e0, 0x0000021e52baf750, 0x0000021e52bafc20, 0x0000021e52bb05c0,
0x0000021e52bb0f60, 0x0000021e5310f790, 0x0000021e53114490, 0x0000021e5310fc60,
0x0000021e53111940, 0x0000021e5310e450, 0x0000021e5310dab0, 0x0000021e53110130,
0x0000021e53114960, 0x0000021e53110600, 0x0000021e53110ad0, 0x0000021e5310e920,
0x0000021e53111470, 0x0000021e53112c80, 0x0000021e53113af0, 0x0000021e53110fa0,
0x0000021e53111e10, 0x0000021e531122e0, 0x0000021e5310d5e0, 0x0000021e53113150,
0x0000021e531127b0, 0x0000021e5310edf0, 0x0000021e53113620, 0x0000021e5310df80,
0x0000021e5310d110, 0x0000021e5310f2c0, 0x0000021e53113fc0, 0x0000021e558b7fe0,
0x0000021e558b32e0, 0x0000021e558b2940, 0x0000021e558b2e10, 0x0000021e558b84b0,
0x0000021e558b9320, 0x0000021e558b7b10, 0x0000021e558b7640, 0x0000021e558b5490,
0x0000021e558b2470, 0x0000021e558b97f0, 0x0000021e558b1fa0, 0x0000021e558b37b0,
0x0000021e558b67d0, 0x0000021e558b5960, 0x0000021e558b5e30, 0x0000021e558b6ca0,
0x0000021e558b3c80, 0x0000021e558b4150, 0x0000021e558b4620, 0x0000021e558b4fc0,
0x0000021e558b4af0, 0x0000021e558b6300, 0x0000021e558b8980, 0x0000021e558b7170,
0x0000021e558b8e50, 0x0000021e55f9f260, 0x0000021e55f9e3f0, 0x0000021e55f9a560,
0x0000021e55f99bc0, 0x0000021e55f9cbe0, 0x0000021e55f9d580, 0x0000021e55f9af00,
0x0000021e55f9a090, 0x0000021e55f9df20, 0x0000021e55fa00d0, 0x0000021e55f9fc00,
0x0000021e55f9ed90, 0x0000021e55f9c710, 0x0000021e55f99220, 0x0000021e55f9b3d0,
0x0000021e55f996f0, 0x0000021e55f9f730, 0x0000021e55f9e8c0, 0x0000021e55fa05a0,
0x0000021e55f9aa30, 0x0000021e55f9b8a0, 0x0000021e55f98d50, 0x0000021e55f9bd70,
0x0000021e55f9c240, 0x0000021e55f9da50, 0x0000021e52a21140, 0x0000021e52a237c0,
0x0000021e52a23c90, 0x0000021e52a21fb0, 0x0000021e52a22480, 0x0000021e52a25e40,
0x0000021e52a254a0, 0x0000021e52a21ae0, 0x0000021e52a26310, 0x0000021e52a22e20,
0x0000021e52a24fd0, 0x0000021e52a207a0, 0x0000021e52a24630, 0x0000021e52a267e0,
0x0000021e52a1ef90, 0x0000021e52a24160, 0x0000021e52a24b00, 0x0000021e52a22950,
0x0000021e52a1f930, 0x0000021e52a1f460, 0x0000021e52a20c70, 0x0000021e52a25970,
0x0000021e52a1fe00, 0x0000021e52a202d0, 0x0000021e52a21610, 0x0000021e52a232f0,
0x0000021e55f9d0b0, 0x0000021e50aa79c0, 0x0000021e50aa1e50, 0x0000021e50aa61b0,
0x0000021e50aa8360, 0x0000021e50aa2320, 0x0000021e50aa3660, 0x0000021e50aa0fe0,
0x0000021e50aa6680, 0x0000021e50aa14b0, 0x0000021e50aa1980, 0x0000021e534c9290
}

Java Threads: ( => current thread )
  0x0000021e2eae00e0 JavaThread "main" [_thread_blocked, id=15244, stack(0x000000f329800000,0x000000f329900000)]
  0x0000021e50433260 JavaThread "Reference Handler" daemon [_thread_blocked, id=28320, stack(0x000000f329f00000,0x000000f32a000000)]
  0x0000021e504340d0 JavaThread "Finalizer" daemon [_thread_blocked, id=16432, stack(0x000000f32a000000,0x000000f32a100000)]
  0x0000021e4f0711b0 JavaThread "Signal Dispatcher" daemon [_thread_blocked, id=22180, stack(0x000000f32a100000,0x000000f32a200000)]
  0x0000021e4f072d70 JavaThread "Attach Listener" daemon [_thread_blocked, id=27540, stack(0x000000f32a200000,0x000000f32a300000)]
  0x0000021e4f075c30 JavaThread "Service Thread" daemon [_thread_blocked, id=24736, stack(0x000000f32a300000,0x000000f32a400000)]
  0x0000021e4f0764f0 JavaThread "Monitor Deflation Thread" daemon [_thread_blocked, id=22072, stack(0x000000f32a400000,0x000000f32a500000)]
  0x0000021e4f077690 JavaThread "C2 CompilerThread0" daemon [_thread_blocked, id=33480, stack(0x000000f32a500000,0x000000f32a600000)]
  0x0000021e4f078130 JavaThread "C1 CompilerThread0" daemon [_thread_blocked, id=34164, stack(0x000000f32a600000,0x000000f32a700000)]
  0x0000021e5049b030 JavaThread "Sweeper thread" daemon [_thread_blocked, id=32816, stack(0x000000f32a700000,0x000000f32a800000)]
  0x0000021e50601bb0 JavaThread "Common-Cleaner" daemon [_thread_blocked, id=18592, stack(0x000000f32a800000,0x000000f32a900000)]
  0x0000021e50604090 JavaThread "Notification Thread" daemon [_thread_blocked, id=16476, stack(0x000000f32a900000,0x000000f32aa00000)]
  0x0000021e51f66030 JavaThread "Daemon health stats" [_thread_blocked, id=27204, stack(0x000000f32af00000,0x000000f32b000000)]
  0x0000021e51cc4010 JavaThread "Incoming local TCP Connector on port 54466" [_thread_in_native, id=31248, stack(0x000000f32b000000,0x000000f32b100000)]
  0x0000021e51a55910 JavaThread "Daemon periodic checks" [_thread_blocked, id=23804, stack(0x000000f32b100000,0x000000f32b200000)]
  0x0000021e51b145e0 JavaThread "Daemon" [_thread_blocked, id=29496, stack(0x000000f32b200000,0x000000f32b300000)]
  0x0000021e51f16830 JavaThread "Handler for socket connection from /127.0.0.1:54466 to /127.0.0.1:54467" [_thread_in_native, id=23016, stack(0x000000f32b300000,0x000000f32b400000)]
  0x0000021e51ef8d20 JavaThread "Cancel handler" [_thread_blocked, id=27724, stack(0x000000f32b400000,0x000000f32b500000)]
  0x0000021e51efaed0 JavaThread "Daemon worker" [_thread_blocked, id=25260, stack(0x000000f32b500000,0x000000f32b600000)]
  0x0000021e51efb3a0 JavaThread "Asynchronous log dispatcher for DefaultDaemonConnection: socket connection from /127.0.0.1:54466 to /127.0.0.1:54467" [_thread_blocked, id=29728, stack(0x000000f32b600000,0x000000f32b700000)]
  0x0000021e51efc6e0 JavaThread "Stdin handler" [_thread_blocked, id=19464, stack(0x000000f32b700000,0x000000f32b800000)]
  0x0000021e51ef9b90 JavaThread "Daemon client event forwarder" [_thread_blocked, id=18500, stack(0x000000f32b800000,0x000000f32b900000)]
  0x0000021e51efb870 JavaThread "Cache worker for journal cache (C:\Users\91871\.gradle\caches\journal-1)" [_thread_blocked, id=29364, stack(0x000000f32be00000,0x000000f32bf00000)]
  0x0000021e51efbd40 JavaThread "File lock request listener" [_thread_in_native, id=33716, stack(0x000000f32bf00000,0x000000f32c000000)]
  0x0000021e51efa530 JavaThread "Cache worker for file hash cache (C:\Users\91871\.gradle\caches\7.6.3\fileHashes)" [_thread_blocked, id=34548, stack(0x000000f32c200000,0x000000f32c300000)]
  0x0000021e51ef91f0 JavaThread "File watcher server" daemon [_thread_in_native, id=20236, stack(0x000000f32c400000,0x000000f32c500000)]
  0x0000021e51efaa00 JavaThread "File watcher consumer" daemon [_thread_blocked, id=26052, stack(0x000000f32c500000,0x000000f32c600000)]
  0x0000021e51ef96c0 JavaThread "Cache worker for checksums cache (C:\Users\91871\Desktop\My Flutter Projects\instagram_project\android\.gradle\7.6.3\checksums)" [_thread_blocked, id=5912, stack(0x000000f32c600000,0x000000f32c700000)]
  0x0000021e51efa060 JavaThread "Cache worker for cache directory md-rule (C:\Users\91871\.gradle\caches\7.6.3\md-rule)" [_thread_blocked, id=28552, stack(0x000000f32c700000,0x000000f32c800000)]
  0x0000021e51efc210 JavaThread "Cache worker for file content cache (C:\Users\91871\.gradle\caches\7.6.3\fileContent)" [_thread_blocked, id=17856, stack(0x000000f32c800000,0x000000f32c900000)]
  0x0000021e557d6f80 JavaThread "Cache worker for file hash cache (C:\Users\91871\Desktop\My Flutter Projects\instagram_project\android\.gradle\7.6.3\fileHashes)" [_thread_blocked, id=32620, stack(0x000000f32c900000,0x000000f32ca00000)]
  0x0000021e557d5770 JavaThread "Cache worker for cache directory md-supplier (C:\Users\91871\.gradle\caches\7.6.3\md-supplier)" [_thread_blocked, id=20920, stack(0x000000f32ca00000,0x000000f32cb00000)]
  0x0000021e557d52a0 JavaThread "Cache worker for execution history cache (C:\Users\91871\.gradle\caches\7.6.3\executionHistory)" [_thread_blocked, id=11508, stack(0x000000f32cb00000,0x000000f32cc00000)]
  0x0000021e557d18e0 JavaThread "jar transforms" [_thread_blocked, id=21876, stack(0x000000f32cc00000,0x000000f32cd00000)]
  0x0000021e557d6ab0 JavaThread "Cache worker for kotlin-dsl (C:\Users\91871\.gradle\caches\7.6.3\kotlin-dsl)" [_thread_blocked, id=16992, stack(0x000000f32cd00000,0x000000f32ce00000)]
  0x0000021e557d7450 JavaThread "jar transforms Thread 2" [_thread_blocked, id=11384, stack(0x000000f32ce00000,0x000000f32cf00000)]
  0x0000021e557d7920 JavaThread "Cache worker for dependencies-accessors (C:\Users\91871\Desktop\My Flutter Projects\instagram_project\android\.gradle\7.6.3\dependencies-accessors)" [_thread_blocked, id=21852, stack(0x000000f32cf00000,0x000000f32d000000)]
  0x0000021e557d3f60 JavaThread "Cache worker for Build Output Cleanup Cache (C:\Users\91871\Documents\flutter\packages\flutter_tools\gradle\.gradle\buildOutputCleanup)" [_thread_blocked, id=33040, stack(0x000000f32d000000,0x000000f32d100000)]
  0x0000021e557d4430 JavaThread "jar transforms Thread 3" [_thread_blocked, id=18716, stack(0x000000f32d100000,0x000000f32d200000)]
  0x0000021e557d05a0 JavaThread "Memory manager" [_thread_blocked, id=12800, stack(0x000000f32d200000,0x000000f32d300000)]
  0x0000021e557d1410 JavaThread "jar transforms Thread 4" [_thread_blocked, id=26856, stack(0x000000f32d300000,0x000000f32d400000)]
  0x0000021e557d3a90 JavaThread "included builds" [_thread_blocked, id=31216, stack(0x000000f32d400000,0x000000f32d500000)]
  0x0000021e557d2c20 JavaThread "Execution worker" [_thread_blocked, id=20152, stack(0x000000f32d500000,0x000000f32d600000)]
  0x0000021e557d30f0 JavaThread "Execution worker Thread 2" [_thread_blocked, id=12524, stack(0x000000f32d600000,0x000000f32d700000)]
  0x0000021e557d35c0 JavaThread "Execution worker Thread 3" [_thread_blocked, id=32596, stack(0x000000f32d700000,0x000000f32d800000)]
  0x0000021e52bb1dd0 JavaThread "Execution worker Thread 4" [_thread_blocked, id=20020, stack(0x000000f32d800000,0x000000f32d900000)]
  0x0000021e52bad0d0 JavaThread "Execution worker Thread 5" [_thread_blocked, id=6696, stack(0x000000f32d900000,0x000000f32da00000)]
  0x0000021e52bb35e0 JavaThread "Execution worker Thread 6" [_thread_blocked, id=34656, stack(0x000000f32da00000,0x000000f32db00000)]
  0x0000021e52bb3f80 JavaThread "Execution worker Thread 7" [_thread_blocked, id=25224, stack(0x000000f32db00000,0x000000f32dc00000)]
  0x0000021e52badf40 JavaThread "Execution worker Thread 8" [_thread_blocked, id=32264, stack(0x000000f32dc00000,0x000000f32dd00000)]
  0x0000021e52bb00f0 JavaThread "Execution worker Thread 9" [_thread_blocked, id=15032, stack(0x000000f32dd00000,0x000000f32de00000)]
  0x0000021e52bb2c40 JavaThread "Execution worker Thread 10" [_thread_blocked, id=3424, stack(0x000000f32de00000,0x000000f32df00000)]
  0x0000021e52bb3110 JavaThread "Execution worker Thread 11" [_thread_blocked, id=26048, stack(0x000000f32df00000,0x000000f32e000000)]
  0x0000021e52baedb0 JavaThread "Cache worker for execution history cache (C:\Users\91871\Documents\flutter\packages\flutter_tools\gradle\.gradle\7.6.3\executionHistory)" [_thread_blocked, id=32300, stack(0x000000f32e000000,0x000000f32e100000)]
  0x0000021e52bb1430 JavaThread "Unconstrained build operations" [_thread_blocked, id=9896, stack(0x000000f32e100000,0x000000f32e200000)]
  0x0000021e52bad5a0 JavaThread "Unconstrained build operations Thread 2" [_thread_blocked, id=32512, stack(0x000000f32e200000,0x000000f32e300000)]
  0x0000021e52bb0a90 JavaThread "Unconstrained build operations Thread 3" [_thread_blocked, id=20036, stack(0x000000f32e300000,0x000000f32e400000)]
  0x0000021e52bada70 JavaThread "Unconstrained build operations Thread 4" [_thread_blocked, id=7608, stack(0x000000f32e400000,0x000000f32e500000)]
  0x0000021e52bb3ab0 JavaThread "Unconstrained build operations Thread 5" [_thread_blocked, id=34012, stack(0x000000f32e500000,0x000000f32e600000)]
  0x0000021e52bb22a0 JavaThread "Unconstrained build operations Thread 6" [_thread_blocked, id=27380, stack(0x000000f32e600000,0x000000f32e700000)]
  0x0000021e52bac730 JavaThread "Unconstrained build operations Thread 7" [_thread_blocked, id=22208, stack(0x000000f32e700000,0x000000f32e800000)]
  0x0000021e52bacc00 JavaThread "Unconstrained build operations Thread 8" [_thread_blocked, id=29416, stack(0x000000f32e800000,0x000000f32e900000)]
  0x0000021e52baf280 JavaThread "Unconstrained build operations Thread 9" [_thread_blocked, id=26148, stack(0x000000f32e900000,0x000000f32ea00000)]
  0x0000021e52bb1900 JavaThread "Unconstrained build operations Thread 10" [_thread_blocked, id=24484, stack(0x000000f32ea00000,0x000000f32eb00000)]
  0x0000021e52bae8e0 JavaThread "Unconstrained build operations Thread 11" [_thread_blocked, id=34212, stack(0x000000f32eb00000,0x000000f32ec00000)]
  0x0000021e52baf750 JavaThread "Unconstrained build operations Thread 12" [_thread_blocked, id=19064, stack(0x000000f32ec00000,0x000000f32ed00000)]
  0x0000021e52bafc20 JavaThread "Unconstrained build operations Thread 13" [_thread_blocked, id=16716, stack(0x000000f32ed00000,0x000000f32ee00000)]
  0x0000021e52bb05c0 JavaThread "Unconstrained build operations Thread 14" [_thread_blocked, id=11532, stack(0x000000f32ee00000,0x000000f32ef00000)]
  0x0000021e52bb0f60 JavaThread "Unconstrained build operations Thread 15" [_thread_blocked, id=22420, stack(0x000000f32ef00000,0x000000f32f000000)]
  0x0000021e5310f790 JavaThread "Unconstrained build operations Thread 16" [_thread_blocked, id=25156, stack(0x000000f32f000000,0x000000f32f100000)]
  0x0000021e53114490 JavaThread "Unconstrained build operations Thread 17" [_thread_blocked, id=16140, stack(0x000000f32f100000,0x000000f32f200000)]
  0x0000021e5310fc60 JavaThread "Unconstrained build operations Thread 18" [_thread_blocked, id=31904, stack(0x000000f32f200000,0x000000f32f300000)]
  0x0000021e53111940 JavaThread "Unconstrained build operations Thread 19" [_thread_blocked, id=32604, stack(0x000000f32f300000,0x000000f32f400000)]
  0x0000021e5310e450 JavaThread "Unconstrained build operations Thread 20" [_thread_blocked, id=25180, stack(0x000000f32f400000,0x000000f32f500000)]
  0x0000021e5310dab0 JavaThread "Unconstrained build operations Thread 21" [_thread_blocked, id=22112, stack(0x000000f32f500000,0x000000f32f600000)]
  0x0000021e53110130 JavaThread "Unconstrained build operations Thread 22" [_thread_blocked, id=12864, stack(0x000000f32f600000,0x000000f32f700000)]
  0x0000021e53114960 JavaThread "Unconstrained build operations Thread 23" [_thread_blocked, id=34604, stack(0x000000f32f700000,0x000000f32f800000)]
  0x0000021e53110600 JavaThread "Unconstrained build operations Thread 24" [_thread_blocked, id=8608, stack(0x000000f32f800000,0x000000f32f900000)]
  0x0000021e53110ad0 JavaThread "Unconstrained build operations Thread 25" [_thread_blocked, id=32988, stack(0x000000f32f900000,0x000000f32fa00000)]
  0x0000021e5310e920 JavaThread "Unconstrained build operations Thread 26" [_thread_blocked, id=24784, stack(0x000000f32fa00000,0x000000f32fb00000)]
  0x0000021e53111470 JavaThread "Unconstrained build operations Thread 27" [_thread_blocked, id=7192, stack(0x000000f32fb00000,0x000000f32fc00000)]
  0x0000021e53112c80 JavaThread "Unconstrained build operations Thread 28" [_thread_blocked, id=34104, stack(0x000000f32fc00000,0x000000f32fd00000)]
  0x0000021e53113af0 JavaThread "Unconstrained build operations Thread 29" [_thread_blocked, id=8180, stack(0x000000f32fd00000,0x000000f32fe00000)]
  0x0000021e53110fa0 JavaThread "Unconstrained build operations Thread 30" [_thread_blocked, id=23224, stack(0x000000f32fe00000,0x000000f32ff00000)]
  0x0000021e53111e10 JavaThread "Unconstrained build operations Thread 31" [_thread_blocked, id=34220, stack(0x000000f32ff00000,0x000000f330000000)]
  0x0000021e531122e0 JavaThread "Unconstrained build operations Thread 32" [_thread_blocked, id=17136, stack(0x000000f330000000,0x000000f330100000)]
  0x0000021e5310d5e0 JavaThread "Unconstrained build operations Thread 33" [_thread_blocked, id=34568, stack(0x000000f330100000,0x000000f330200000)]
  0x0000021e53113150 JavaThread "Unconstrained build operations Thread 34" [_thread_blocked, id=27036, stack(0x000000f330200000,0x000000f330300000)]
  0x0000021e531127b0 JavaThread "Unconstrained build operations Thread 35" [_thread_blocked, id=33072, stack(0x000000f330300000,0x000000f330400000)]
  0x0000021e5310edf0 JavaThread "Unconstrained build operations Thread 36" [_thread_blocked, id=17568, stack(0x000000f330400000,0x000000f330500000)]
  0x0000021e53113620 JavaThread "Unconstrained build operations Thread 37" [_thread_blocked, id=18536, stack(0x000000f330500000,0x000000f330600000)]
  0x0000021e5310df80 JavaThread "Unconstrained build operations Thread 38" [_thread_blocked, id=10056, stack(0x000000f330600000,0x000000f330700000)]
  0x0000021e5310d110 JavaThread "Unconstrained build operations Thread 39" [_thread_blocked, id=23952, stack(0x000000f330700000,0x000000f330800000)]
  0x0000021e5310f2c0 JavaThread "Unconstrained build operations Thread 40" [_thread_blocked, id=7016, stack(0x000000f330800000,0x000000f330900000)]
  0x0000021e53113fc0 JavaThread "Unconstrained build operations Thread 41" [_thread_blocked, id=31668, stack(0x000000f330900000,0x000000f330a00000)]
  0x0000021e558b7fe0 JavaThread "Unconstrained build operations Thread 42" [_thread_blocked, id=18680, stack(0x000000f330a00000,0x000000f330b00000)]
  0x0000021e558b32e0 JavaThread "Unconstrained build operations Thread 43" [_thread_blocked, id=31872, stack(0x000000f330b00000,0x000000f330c00000)]
  0x0000021e558b2940 JavaThread "Unconstrained build operations Thread 44" [_thread_blocked, id=29776, stack(0x000000f330c00000,0x000000f330d00000)]
  0x0000021e558b2e10 JavaThread "Unconstrained build operations Thread 45" [_thread_blocked, id=14360, stack(0x000000f330d00000,0x000000f330e00000)]
  0x0000021e558b84b0 JavaThread "Unconstrained build operations Thread 46" [_thread_blocked, id=27220, stack(0x000000f330e00000,0x000000f330f00000)]
  0x0000021e558b9320 JavaThread "Unconstrained build operations Thread 47" [_thread_blocked, id=29832, stack(0x000000f330f00000,0x000000f331000000)]
  0x0000021e558b7b10 JavaThread "Unconstrained build operations Thread 48" [_thread_blocked, id=20472, stack(0x000000f331000000,0x000000f331100000)]
  0x0000021e558b7640 JavaThread "Unconstrained build operations Thread 49" [_thread_blocked, id=2944, stack(0x000000f331100000,0x000000f331200000)]
  0x0000021e558b5490 JavaThread "Unconstrained build operations Thread 50" [_thread_blocked, id=33448, stack(0x000000f331200000,0x000000f331300000)]
  0x0000021e558b2470 JavaThread "Unconstrained build operations Thread 51" [_thread_blocked, id=16396, stack(0x000000f331300000,0x000000f331400000)]
  0x0000021e558b97f0 JavaThread "Unconstrained build operations Thread 52" [_thread_blocked, id=17396, stack(0x000000f331400000,0x000000f331500000)]
  0x0000021e558b1fa0 JavaThread "Unconstrained build operations Thread 53" [_thread_blocked, id=8888, stack(0x000000f331500000,0x000000f331600000)]
  0x0000021e558b37b0 JavaThread "Unconstrained build operations Thread 54" [_thread_blocked, id=25760, stack(0x000000f331600000,0x000000f331700000)]
  0x0000021e558b67d0 JavaThread "Unconstrained build operations Thread 55" [_thread_blocked, id=10800, stack(0x000000f331700000,0x000000f331800000)]
  0x0000021e558b5960 JavaThread "Unconstrained build operations Thread 56" [_thread_blocked, id=25848, stack(0x000000f331800000,0x000000f331900000)]
  0x0000021e558b5e30 JavaThread "Unconstrained build operations Thread 57" [_thread_blocked, id=16040, stack(0x000000f331900000,0x000000f331a00000)]
  0x0000021e558b6ca0 JavaThread "Unconstrained build operations Thread 58" [_thread_blocked, id=20792, stack(0x000000f331a00000,0x000000f331b00000)]
  0x0000021e558b3c80 JavaThread "Unconstrained build operations Thread 59" [_thread_blocked, id=11004, stack(0x000000f331b00000,0x000000f331c00000)]
  0x0000021e558b4150 JavaThread "Unconstrained build operations Thread 60" [_thread_blocked, id=25428, stack(0x000000f331c00000,0x000000f331d00000)]
  0x0000021e558b4620 JavaThread "Unconstrained build operations Thread 61" [_thread_blocked, id=28140, stack(0x000000f331d00000,0x000000f331e00000)]
  0x0000021e558b4fc0 JavaThread "Unconstrained build operations Thread 62" [_thread_blocked, id=6256, stack(0x000000f331e00000,0x000000f331f00000)]
  0x0000021e558b4af0 JavaThread "Unconstrained build operations Thread 63" [_thread_blocked, id=34484, stack(0x000000f331f00000,0x000000f332000000)]
  0x0000021e558b6300 JavaThread "Unconstrained build operations Thread 64" [_thread_blocked, id=31880, stack(0x000000f332000000,0x000000f332100000)]
  0x0000021e558b8980 JavaThread "Unconstrained build operations Thread 65" [_thread_blocked, id=21376, stack(0x000000f332100000,0x000000f332200000)]
  0x0000021e558b7170 JavaThread "Unconstrained build operations Thread 66" [_thread_blocked, id=33580, stack(0x000000f332200000,0x000000f332300000)]
  0x0000021e558b8e50 JavaThread "Unconstrained build operations Thread 67" [_thread_blocked, id=19760, stack(0x000000f332300000,0x000000f332400000)]
  0x0000021e55f9f260 JavaThread "Unconstrained build operations Thread 68" [_thread_blocked, id=15540, stack(0x000000f332400000,0x000000f332500000)]
  0x0000021e55f9e3f0 JavaThread "Unconstrained build operations Thread 69" [_thread_blocked, id=28952, stack(0x000000f332500000,0x000000f332600000)]
  0x0000021e55f9a560 JavaThread "Unconstrained build operations Thread 70" [_thread_blocked, id=7108, stack(0x000000f332600000,0x000000f332700000)]
  0x0000021e55f99bc0 JavaThread "Unconstrained build operations Thread 71" [_thread_blocked, id=4128, stack(0x000000f332700000,0x000000f332800000)]
  0x0000021e55f9cbe0 JavaThread "Unconstrained build operations Thread 72" [_thread_blocked, id=4756, stack(0x000000f332800000,0x000000f332900000)]
  0x0000021e55f9d580 JavaThread "Unconstrained build operations Thread 73" [_thread_blocked, id=25496, stack(0x000000f332900000,0x000000f332a00000)]
  0x0000021e55f9af00 JavaThread "Unconstrained build operations Thread 74" [_thread_blocked, id=29300, stack(0x000000f332a00000,0x000000f332b00000)]
  0x0000021e55f9a090 JavaThread "Unconstrained build operations Thread 75" [_thread_blocked, id=30192, stack(0x000000f332b00000,0x000000f332c00000)]
  0x0000021e55f9df20 JavaThread "Unconstrained build operations Thread 76" [_thread_blocked, id=33864, stack(0x000000f332c00000,0x000000f332d00000)]
  0x0000021e55fa00d0 JavaThread "Unconstrained build operations Thread 77" [_thread_blocked, id=21564, stack(0x000000f332d00000,0x000000f332e00000)]
  0x0000021e55f9fc00 JavaThread "Unconstrained build operations Thread 78" [_thread_blocked, id=34348, stack(0x000000f332e00000,0x000000f332f00000)]
  0x0000021e55f9ed90 JavaThread "Unconstrained build operations Thread 79" [_thread_blocked, id=33888, stack(0x000000f332f00000,0x000000f333000000)]
  0x0000021e55f9c710 JavaThread "Unconstrained build operations Thread 80" [_thread_blocked, id=31128, stack(0x000000f333000000,0x000000f333100000)]
  0x0000021e55f99220 JavaThread "Unconstrained build operations Thread 81" [_thread_blocked, id=26228, stack(0x000000f333100000,0x000000f333200000)]
  0x0000021e55f9b3d0 JavaThread "Unconstrained build operations Thread 82" [_thread_blocked, id=23052, stack(0x000000f333200000,0x000000f333300000)]
  0x0000021e55f996f0 JavaThread "Unconstrained build operations Thread 83" [_thread_blocked, id=25436, stack(0x000000f333300000,0x000000f333400000)]
  0x0000021e55f9f730 JavaThread "Unconstrained build operations Thread 84" [_thread_blocked, id=32916, stack(0x000000f333400000,0x000000f333500000)]
  0x0000021e55f9e8c0 JavaThread "Unconstrained build operations Thread 85" [_thread_blocked, id=33932, stack(0x000000f333500000,0x000000f333600000)]
  0x0000021e55fa05a0 JavaThread "Unconstrained build operations Thread 86" [_thread_blocked, id=26072, stack(0x000000f333600000,0x000000f333700000)]
  0x0000021e55f9aa30 JavaThread "Unconstrained build operations Thread 87" [_thread_blocked, id=25584, stack(0x000000f333700000,0x000000f333800000)]
  0x0000021e55f9b8a0 JavaThread "Unconstrained build operations Thread 88" [_thread_blocked, id=2820, stack(0x000000f333800000,0x000000f333900000)]
  0x0000021e55f98d50 JavaThread "Unconstrained build operations Thread 89" [_thread_blocked, id=33108, stack(0x000000f333900000,0x000000f333a00000)]
  0x0000021e55f9bd70 JavaThread "Unconstrained build operations Thread 90" [_thread_blocked, id=22080, stack(0x000000f333a00000,0x000000f333b00000)]
  0x0000021e55f9c240 JavaThread "Unconstrained build operations Thread 91" [_thread_blocked, id=18452, stack(0x000000f333b00000,0x000000f333c00000)]
  0x0000021e55f9da50 JavaThread "Unconstrained build operations Thread 92" [_thread_blocked, id=33344, stack(0x000000f333c00000,0x000000f333d00000)]
  0x0000021e52a21140 JavaThread "Unconstrained build operations Thread 93" [_thread_blocked, id=25984, stack(0x000000f333d00000,0x000000f333e00000)]
  0x0000021e52a237c0 JavaThread "Unconstrained build operations Thread 94" [_thread_blocked, id=20044, stack(0x000000f333e00000,0x000000f333f00000)]
  0x0000021e52a23c90 JavaThread "Unconstrained build operations Thread 95" [_thread_blocked, id=16472, stack(0x000000f333f00000,0x000000f334000000)]
  0x0000021e52a21fb0 JavaThread "Unconstrained build operations Thread 96" [_thread_blocked, id=23192, stack(0x000000f334000000,0x000000f334100000)]
  0x0000021e52a22480 JavaThread "Unconstrained build operations Thread 97" [_thread_blocked, id=24556, stack(0x000000f334100000,0x000000f334200000)]
  0x0000021e52a25e40 JavaThread "Unconstrained build operations Thread 98" [_thread_blocked, id=33960, stack(0x000000f334200000,0x000000f334300000)]
  0x0000021e52a254a0 JavaThread "Unconstrained build operations Thread 99" [_thread_blocked, id=33952, stack(0x000000f334300000,0x000000f334400000)]
  0x0000021e52a21ae0 JavaThread "Unconstrained build operations Thread 100" [_thread_blocked, id=31620, stack(0x000000f334400000,0x000000f334500000)]
  0x0000021e52a26310 JavaThread "Unconstrained build operations Thread 101" [_thread_blocked, id=27588, stack(0x000000f334500000,0x000000f334600000)]
  0x0000021e52a22e20 JavaThread "Unconstrained build operations Thread 102" [_thread_blocked, id=26348, stack(0x000000f334600000,0x000000f334700000)]
  0x0000021e52a24fd0 JavaThread "Unconstrained build operations Thread 103" [_thread_blocked, id=29904, stack(0x000000f334700000,0x000000f334800000)]
  0x0000021e52a207a0 JavaThread "Unconstrained build operations Thread 104" [_thread_blocked, id=3688, stack(0x000000f334800000,0x000000f334900000)]
  0x0000021e52a24630 JavaThread "Unconstrained build operations Thread 105" [_thread_blocked, id=34620, stack(0x000000f334900000,0x000000f334a00000)]
  0x0000021e52a267e0 JavaThread "Unconstrained build operations Thread 106" [_thread_blocked, id=17560, stack(0x000000f334a00000,0x000000f334b00000)]
  0x0000021e52a1ef90 JavaThread "Unconstrained build operations Thread 107" [_thread_blocked, id=24820, stack(0x000000f334b00000,0x000000f334c00000)]
  0x0000021e52a24160 JavaThread "Unconstrained build operations Thread 108" [_thread_blocked, id=11972, stack(0x000000f334c00000,0x000000f334d00000)]
  0x0000021e52a24b00 JavaThread "Unconstrained build operations Thread 109" [_thread_blocked, id=20172, stack(0x000000f334d00000,0x000000f334e00000)]
  0x0000021e52a22950 JavaThread "Unconstrained build operations Thread 110" [_thread_blocked, id=24728, stack(0x000000f334e00000,0x000000f334f00000)]
  0x0000021e52a1f930 JavaThread "Unconstrained build operations Thread 111" [_thread_blocked, id=32920, stack(0x000000f334f00000,0x000000f335000000)]
  0x0000021e52a1f460 JavaThread "Unconstrained build operations Thread 112" [_thread_blocked, id=4912, stack(0x000000f335000000,0x000000f335100000)]
  0x0000021e52a20c70 JavaThread "Unconstrained build operations Thread 113" [_thread_blocked, id=28260, stack(0x000000f335100000,0x000000f335200000)]
  0x0000021e52a25970 JavaThread "Unconstrained build operations Thread 114" [_thread_blocked, id=19176, stack(0x000000f335200000,0x000000f335300000)]
  0x0000021e52a1fe00 JavaThread "Unconstrained build operations Thread 115" [_thread_blocked, id=29852, stack(0x000000f335300000,0x000000f335400000)]
  0x0000021e52a202d0 JavaThread "Unconstrained build operations Thread 116" [_thread_blocked, id=31108, stack(0x000000f335400000,0x000000f335500000)]
  0x0000021e52a21610 JavaThread "Unconstrained build operations Thread 117" [_thread_blocked, id=32924, stack(0x000000f335500000,0x000000f335600000)]
  0x0000021e52a232f0 JavaThread "Unconstrained build operations Thread 118" [_thread_blocked, id=30012, stack(0x000000f335600000,0x000000f335700000)]
  0x0000021e55f9d0b0 JavaThread "Unconstrained build operations Thread 119" [_thread_blocked, id=25704, stack(0x000000f335700000,0x000000f335800000)]
  0x0000021e50aa79c0 JavaThread "Unconstrained build operations Thread 120" [_thread_blocked, id=8012, stack(0x000000f335800000,0x000000f335900000)]
  0x0000021e50aa1e50 JavaThread "jar transforms Thread 5" [_thread_blocked, id=18924, stack(0x000000f335900000,0x000000f335a00000)]
  0x0000021e50aa61b0 JavaThread "jar transforms Thread 6" [_thread_blocked, id=7768, stack(0x000000f335a00000,0x000000f335b00000)]
  0x0000021e50aa8360 JavaThread "jar transforms Thread 7" [_thread_blocked, id=33808, stack(0x000000f335b00000,0x000000f335c00000)]
  0x0000021e50aa2320 JavaThread "jar transforms Thread 8" [_thread_blocked, id=29664, stack(0x000000f335c00000,0x000000f335d00000)]
  0x0000021e50aa3660 JavaThread "jar transforms Thread 9" [_thread_blocked, id=32236, stack(0x000000f335d00000,0x000000f335e00000)]
  0x0000021e50aa0fe0 JavaThread "jar transforms Thread 10" [_thread_blocked, id=28080, stack(0x000000f335e00000,0x000000f335f00000)]
  0x0000021e50aa6680 JavaThread "jar transforms Thread 11" [_thread_blocked, id=10120, stack(0x000000f335f00000,0x000000f336000000)]
  0x0000021e50aa14b0 JavaThread "jar transforms Thread 12" [_thread_blocked, id=34300, stack(0x000000f336000000,0x000000f336100000)]
  0x0000021e50aa1980 JavaThread "Cache worker for Build Output Cleanup Cache (C:\Users\91871\Desktop\My Flutter Projects\instagram_project\android\.gradle\buildOutputCleanup)" [_thread_blocked, id=33828, stack(0x000000f336100000,0x000000f336200000)]
  0x0000021e534c9290 JavaThread "C2 CompilerThread1" daemon [_thread_blocked, id=33944, stack(0x000000f336200000,0x000000f336300000)]

Other Threads:
=>0x0000021e5041fa00 VMThread "VM Thread" [stack: 0x000000f329e00000,0x000000f329f00000] [id=33556]
  0x0000021e2eb6d760 WatcherThread [stack: 0x000000f32aa00000,0x000000f32ab00000] [id=4336]
  0x0000021e2eb4dec0 GCTaskThread "GC Thread#0" [stack: 0x000000f329900000,0x000000f329a00000] [id=28908]
  0x0000021e510ec0e0 GCTaskThread "GC Thread#1" [stack: 0x000000f32ab00000,0x000000f32ac00000] [id=8432]
  0x0000021e51471200 GCTaskThread "GC Thread#2" [stack: 0x000000f32ac00000,0x000000f32ad00000] [id=4508]
  0x0000021e51314950 GCTaskThread "GC Thread#3" [stack: 0x000000f32ad00000,0x000000f32ae00000] [id=27736]
  0x0000021e50f46110 GCTaskThread "GC Thread#4" [stack: 0x000000f32ae00000,0x000000f32af00000] [id=32244]
  0x0000021e528aca90 GCTaskThread "GC Thread#5" [stack: 0x000000f32b900000,0x000000f32ba00000] [id=13388]
  0x0000021e528acd40 GCTaskThread "GC Thread#6" [stack: 0x000000f32ba00000,0x000000f32bb00000] [id=22084]
  0x0000021e52806e90 GCTaskThread "GC Thread#7" [stack: 0x000000f32bb00000,0x000000f32bc00000] [id=2776]
  0x0000021e52807140 GCTaskThread "GC Thread#8" [stack: 0x000000f32bc00000,0x000000f32bd00000] [id=10972]
  0x0000021e528073f0 GCTaskThread "GC Thread#9" [stack: 0x000000f32bd00000,0x000000f32be00000] [id=16440]
  0x0000021e2eb5ee00 ConcurrentGCThread "G1 Main Marker" [stack: 0x000000f329a00000,0x000000f329b00000] [id=7428]
  0x0000021e2eb60820 ConcurrentGCThread "G1 Conc#0" [stack: 0x000000f329b00000,0x000000f329c00000] [id=25028]
  0x0000021e52915270 ConcurrentGCThread "G1 Conc#1" [stack: 0x000000f32c000000,0x000000f32c100000] [id=32184]
  0x0000021e52914fc0 ConcurrentGCThread "G1 Conc#2" [stack: 0x000000f32c100000,0x000000f32c200000] [id=18876]
  0x0000021e4eee3df0 ConcurrentGCThread "G1 Refine#0" [stack: 0x000000f329c00000,0x000000f329d00000] [id=4216]
  0x0000021e54eef490 ConcurrentGCThread "G1 Refine#1" [stack: 0x000000f32c300000,0x000000f32c400000] [id=22148]
  0x0000021e4eee4810 ConcurrentGCThread "G1 Service" [stack: 0x000000f329d00000,0x000000f329e00000] [id=22348]

Threads with active compile tasks:
C2 CompilerThread0    29747 12861       4       jdk.internal.jimage.ImageLocation::verify (218 bytes)
C1 CompilerThread0    29748 13003       3       java.io.ObjectInputStream$BlockDataInputStream::readUTFBody (192 bytes)
C2 CompilerThread1    29748 12948       4       java.nio.HeapByteBuffer::putInt (31 bytes)

VM state: at safepoint (normal execution)

VM Mutex/Monitor currently owned by a thread:  ([mutex/lock_event])
[0x0000021e2eadabc0] Threads_lock - owner thread: 0x0000021e5041fa00
[0x0000021e2eadc2d0] Heap_lock - owner thread: 0x0000021e51efaed0

Heap address: 0x0000000700000000, size: 4096 MB, Compressed Oops mode: Zero based, Oop shift amount: 3

CDS archive(s) not mapped
Compressed class space mapped at: 0x0000000800000000-0x0000000840000000, reserved size: 1073741824
Narrow klass base: 0x0000000800000000, Narrow klass shift: 0, Narrow klass range: 0x40000000

GC Precious Log:
 CPUs: 12 total, 12 available
 Memory: 5989M
 Large Page Support: Disabled
 NUMA Support: Disabled
 Compressed Oops: Enabled (Zero based)
 Heap Region Size: 2M
 Heap Min Capacity: 8M
 Heap Initial Capacity: 94M
 Heap Max Capacity: 4G
 Pre-touch: Disabled
 Parallel Workers: 10
 Concurrent Workers: 3
 Concurrent Refinement Workers: 10
 Periodic GC: Disabled

Heap:
 garbage-first heap   total 235520K, used 139222K [0x0000000700000000, 0x0000000800000000)
  region size 2048K, 1 young (2048K), 1 survivors (2048K)
 Metaspace       used 103494K, committed 104512K, reserved 1146880K
  class space    used 14190K, committed 14656K, reserved 1048576K

Heap Regions: E=young(eden), S=young(survivor), O=old, HS=humongous(starts), HC=humongous(continues), CS=collection set, F=free, OA=open archive, CA=closed archive, TAMS=top-at-mark-start (previous, next)
|   0|0x0000000700000000, 0x0000000700200000, 0x0000000700200000|100%|HS|  |TAMS 0x0000000700200000, 0x0000000700000000| Complete 
|   1|0x0000000700200000, 0x0000000700400000, 0x0000000700400000|100%|HC|  |TAMS 0x0000000700400000, 0x0000000700200000| Complete 
|   2|0x0000000700400000, 0x0000000700600000, 0x0000000700600000|100%| O|  |TAMS 0x0000000700600000, 0x0000000700400000| Untracked 
|   3|0x0000000700600000, 0x0000000700800000, 0x0000000700800000|100%| O|  |TAMS 0x0000000700800000, 0x0000000700600000| Untracked 
|   4|0x0000000700800000, 0x0000000700a00000, 0x0000000700a00000|100%| O|  |TAMS 0x0000000700a00000, 0x0000000700800000| Untracked 
|   5|0x0000000700a00000, 0x0000000700c00000, 0x0000000700c00000|100%| O|  |TAMS 0x0000000700c00000, 0x0000000700a00000| Untracked 
|   6|0x0000000700c00000, 0x0000000700e00000, 0x0000000700e00000|100%| O|  |TAMS 0x0000000700e00000, 0x0000000700c00000| Untracked 
|   7|0x0000000700e00000, 0x0000000701000000, 0x0000000701000000|100%| O|  |TAMS 0x0000000701000000, 0x0000000700e00000| Untracked 
|   8|0x0000000701000000, 0x0000000701200000, 0x0000000701200000|100%| O|  |TAMS 0x0000000701200000, 0x0000000701000000| Untracked 
|   9|0x0000000701200000, 0x0000000701400000, 0x0000000701400000|100%| O|  |TAMS 0x0000000701400000, 0x0000000701200000| Untracked 
|  10|0x0000000701400000, 0x0000000701600000, 0x0000000701600000|100%| O|  |TAMS 0x0000000701600000, 0x0000000701400000| Untracked 
|  11|0x0000000701600000, 0x0000000701800000, 0x0000000701800000|100%| O|  |TAMS 0x0000000701800000, 0x0000000701600000| Untracked 
|  12|0x0000000701800000, 0x0000000701a00000, 0x0000000701a00000|100%| O|  |TAMS 0x0000000701a00000, 0x0000000701800000| Untracked 
|  13|0x0000000701a00000, 0x0000000701c00000, 0x0000000701c00000|100%| O|  |TAMS 0x0000000701c00000, 0x0000000701a00000| Untracked 
|  14|0x0000000701c00000, 0x0000000701e00000, 0x0000000701e00000|100%| O|  |TAMS 0x0000000701e00000, 0x0000000701c00000| Untracked 
|  15|0x0000000701e00000, 0x0000000702000000, 0x0000000702000000|100%| O|  |TAMS 0x0000000702000000, 0x0000000701e00000| Untracked 
|  16|0x0000000702000000, 0x0000000702200000, 0x0000000702200000|100%| O|  |TAMS 0x0000000702200000, 0x0000000702000000| Untracked 
|  17|0x0000000702200000, 0x0000000702400000, 0x0000000702400000|100%| O|  |TAMS 0x0000000702400000, 0x0000000702200000| Untracked 
|  18|0x0000000702400000, 0x0000000702600000, 0x0000000702600000|100%|HS|  |TAMS 0x0000000702600000, 0x0000000702400000| Complete 
|  19|0x0000000702600000, 0x0000000702800000, 0x0000000702800000|100%|HC|  |TAMS 0x0000000702800000, 0x0000000702600000| Complete 
|  20|0x0000000702800000, 0x0000000702a00000, 0x0000000702a00000|100%|HS|  |TAMS 0x0000000702a00000, 0x0000000702800000| Complete 
|  21|0x0000000702a00000, 0x0000000702c00000, 0x0000000702c00000|100%| O|  |TAMS 0x0000000702c00000, 0x0000000702a00000| Untracked 
|  22|0x0000000702c00000, 0x0000000702e00000, 0x0000000702e00000|100%| O|  |TAMS 0x0000000702e00000, 0x0000000702c00000| Untracked 
|  23|0x0000000702e00000, 0x0000000703000000, 0x0000000703000000|100%| O|  |TAMS 0x0000000703000000, 0x0000000702e00000| Untracked 
|  24|0x0000000703000000, 0x0000000703200000, 0x0000000703200000|100%| O|  |TAMS 0x0000000703200000, 0x0000000703000000| Untracked 
|  25|0x0000000703200000, 0x0000000703400000, 0x0000000703400000|100%| O|  |TAMS 0x0000000703400000, 0x0000000703200000| Untracked 
|  26|0x0000000703400000, 0x0000000703600000, 0x0000000703600000|100%| O|  |TAMS 0x0000000703600000, 0x0000000703400000| Untracked 
|  27|0x0000000703600000, 0x0000000703800000, 0x0000000703800000|100%| O|  |TAMS 0x0000000703800000, 0x0000000703600000| Untracked 
|  28|0x0000000703800000, 0x0000000703a00000, 0x0000000703a00000|100%| O|  |TAMS 0x0000000703a00000, 0x0000000703800000| Untracked 
|  29|0x0000000703a00000, 0x0000000703c00000, 0x0000000703c00000|100%| O|  |TAMS 0x0000000703c00000, 0x0000000703a00000| Untracked 
|  30|0x0000000703c00000, 0x0000000703e00000, 0x0000000703e00000|100%| O|  |TAMS 0x0000000703e00000, 0x0000000703c00000| Untracked 
|  31|0x0000000703e00000, 0x0000000704000000, 0x0000000704000000|100%| O|  |TAMS 0x0000000704000000, 0x0000000703e00000| Untracked 
|  32|0x0000000704000000, 0x0000000704200000, 0x0000000704200000|100%| O|  |TAMS 0x0000000704200000, 0x0000000704000000| Untracked 
|  33|0x0000000704200000, 0x0000000704400000, 0x0000000704400000|100%| O|  |TAMS 0x0000000704400000, 0x0000000704200000| Untracked 
|  34|0x0000000704400000, 0x0000000704600000, 0x0000000704600000|100%| O|  |TAMS 0x0000000704600000, 0x0000000704400000| Untracked 
|  35|0x0000000704600000, 0x0000000704800000, 0x0000000704800000|100%| O|  |TAMS 0x0000000704800000, 0x0000000704600000| Untracked 
|  36|0x0000000704800000, 0x0000000704a00000, 0x0000000704a00000|100%| O|  |TAMS 0x0000000704a00000, 0x0000000704800000| Untracked 
|  37|0x0000000704a00000, 0x0000000704c00000, 0x0000000704c00000|100%| O|  |TAMS 0x0000000704c00000, 0x0000000704a00000| Untracked 
|  38|0x0000000704c00000, 0x0000000704e00000, 0x0000000704e00000|100%| O|  |TAMS 0x0000000704e00000, 0x0000000704c00000| Untracked 
|  39|0x0000000704e00000, 0x0000000705000000, 0x0000000705000000|100%| O|  |TAMS 0x0000000705000000, 0x0000000704e00000| Untracked 
|  40|0x0000000705000000, 0x0000000705200000, 0x0000000705200000|100%| O|  |TAMS 0x0000000705200000, 0x0000000705000000| Untracked 
|  41|0x0000000705200000, 0x0000000705400000, 0x0000000705400000|100%| O|  |TAMS 0x0000000705400000, 0x0000000705200000| Untracked 
|  42|0x0000000705400000, 0x0000000705600000, 0x0000000705600000|100%| O|  |TAMS 0x0000000705600000, 0x0000000705400000| Untracked 
|  43|0x0000000705600000, 0x0000000705800000, 0x0000000705800000|100%| O|  |TAMS 0x0000000705800000, 0x0000000705600000| Untracked 
|  44|0x0000000705800000, 0x0000000705a00000, 0x0000000705a00000|100%| O|  |TAMS 0x0000000705a00000, 0x0000000705800000| Untracked 
|  45|0x0000000705a00000, 0x0000000705c00000, 0x0000000705c00000|100%| O|  |TAMS 0x0000000705c00000, 0x0000000705a00000| Untracked 
|  46|0x0000000705c00000, 0x0000000705e00000, 0x0000000705e00000|100%| O|  |TAMS 0x0000000705e00000, 0x0000000705c00000| Untracked 
|  47|0x0000000705e00000, 0x0000000706000000, 0x0000000706000000|100%| O|  |TAMS 0x0000000706000000, 0x0000000705e00000| Untracked 
|  48|0x0000000706000000, 0x0000000706200000, 0x0000000706200000|100%| O|  |TAMS 0x0000000706200000, 0x0000000706000000| Untracked 
|  49|0x0000000706200000, 0x0000000706400000, 0x0000000706400000|100%| O|  |TAMS 0x0000000706400000, 0x0000000706200000| Untracked 
|  50|0x0000000706400000, 0x0000000706600000, 0x0000000706600000|100%| O|  |TAMS 0x0000000706600000, 0x0000000706400000| Untracked 
|  51|0x0000000706600000, 0x0000000706800000, 0x0000000706800000|100%| O|  |TAMS 0x0000000706800000, 0x0000000706600000| Untracked 
|  52|0x0000000706800000, 0x0000000706a00000, 0x0000000706a00000|100%| O|  |TAMS 0x0000000706800000, 0x0000000706800000| Untracked 
|  53|0x0000000706a00000, 0x0000000706c00000, 0x0000000706c00000|100%| O|  |TAMS 0x0000000706c00000, 0x0000000706a00000| Untracked 
|  54|0x0000000706c00000, 0x0000000706e00000, 0x0000000706e00000|100%| O|  |TAMS 0x0000000706e00000, 0x0000000706c00000| Untracked 
|  55|0x0000000706e00000, 0x0000000706e00000, 0x0000000707000000|  0%| F|  |TAMS 0x0000000706e00000, 0x0000000706e00000| Untracked 
|  56|0x0000000707000000, 0x0000000707200000, 0x0000000707200000|100%| O|  |TAMS 0x0000000707200000, 0x0000000707000000| Untracked 
|  57|0x0000000707200000, 0x0000000707400000, 0x0000000707400000|100%| O|  |TAMS 0x0000000707400000, 0x0000000707200000| Untracked 
|  58|0x0000000707400000, 0x0000000707600000, 0x0000000707600000|100%| O|  |TAMS 0x0000000707600000, 0x0000000707400000| Untracked 
|  59|0x0000000707600000, 0x0000000707800000, 0x0000000707800000|100%| O|  |TAMS 0x0000000707800000, 0x0000000707600000| Untracked 
|  60|0x0000000707800000, 0x0000000707a00000, 0x0000000707a00000|100%| O|  |TAMS 0x00000007079a6000, 0x0000000707800000| Untracked 
|  61|0x0000000707a00000, 0x0000000707c00000, 0x0000000707c00000|100%| O|  |TAMS 0x0000000707a00000, 0x0000000707a00000| Untracked 
|  62|0x0000000707c00000, 0x0000000707e00000, 0x0000000707e00000|100%| O|  |TAMS 0x0000000707c00000, 0x0000000707c00000| Untracked 
|  63|0x0000000707e00000, 0x0000000708000000, 0x0000000708000000|100%| O|  |TAMS 0x0000000707e00000, 0x0000000707e00000| Untracked 
|  64|0x0000000708000000, 0x0000000708200000, 0x0000000708200000|100%| O|  |TAMS 0x0000000708000000, 0x0000000708000000| Untracked 
|  65|0x0000000708200000, 0x0000000708400000, 0x0000000708400000|100%| O|  |TAMS 0x0000000708200000, 0x0000000708200000| Untracked 
|  66|0x0000000708400000, 0x0000000708600000, 0x0000000708600000|100%| O|  |TAMS 0x0000000708400000, 0x0000000708400000| Untracked 
|  67|0x0000000708600000, 0x00000007086c7200, 0x0000000708800000| 38%| O|  |TAMS 0x0000000708600000, 0x0000000708600000| Untracked 
|  68|0x0000000708800000, 0x0000000708800000, 0x0000000708a00000|  0%| F|  |TAMS 0x0000000708800000, 0x0000000708800000| Untracked 
|  69|0x0000000708a00000, 0x0000000708a00000, 0x0000000708c00000|  0%| F|  |TAMS 0x0000000708a00000, 0x0000000708a00000| Untracked 
|  70|0x0000000708c00000, 0x0000000708c00000, 0x0000000708e00000|  0%| F|  |TAMS 0x0000000708c00000, 0x0000000708c00000| Untracked 
|  71|0x0000000708e00000, 0x0000000708e00000, 0x0000000709000000|  0%| F|  |TAMS 0x0000000708e00000, 0x0000000708e00000| Untracked 
|  72|0x0000000709000000, 0x0000000709000000, 0x0000000709200000|  0%| F|  |TAMS 0x0000000709000000, 0x0000000709000000| Untracked 
|  73|0x0000000709200000, 0x0000000709200000, 0x0000000709400000|  0%| F|  |TAMS 0x0000000709200000, 0x0000000709200000| Untracked 
|  74|0x0000000709400000, 0x0000000709400000, 0x0000000709600000|  0%| F|  |TAMS 0x0000000709400000, 0x0000000709400000| Untracked 
|  75|0x0000000709600000, 0x0000000709600000, 0x0000000709800000|  0%| F|  |TAMS 0x0000000709600000, 0x0000000709600000| Untracked 
|  76|0x0000000709800000, 0x0000000709800000, 0x0000000709a00000|  0%| F|  |TAMS 0x0000000709800000, 0x0000000709800000| Untracked 
|  77|0x0000000709a00000, 0x0000000709a00000, 0x0000000709c00000|  0%| F|  |TAMS 0x0000000709a00000, 0x0000000709a00000| Untracked 
|  78|0x0000000709c00000, 0x0000000709c00000, 0x0000000709e00000|  0%| F|  |TAMS 0x0000000709c00000, 0x0000000709c00000| Untracked 
|  79|0x0000000709e00000, 0x0000000709e00000, 0x000000070a000000|  0%| F|  |TAMS 0x0000000709e00000, 0x0000000709e00000| Untracked 
|  80|0x000000070a000000, 0x000000070a000000, 0x000000070a200000|  0%| F|  |TAMS 0x000000070a000000, 0x000000070a000000| Untracked 
|  81|0x000000070a200000, 0x000000070a200000, 0x000000070a400000|  0%| F|  |TAMS 0x000000070a200000, 0x000000070a200000| Untracked 
|  82|0x000000070a400000, 0x000000070a400000, 0x000000070a600000|  0%| F|  |TAMS 0x000000070a400000, 0x000000070a400000| Untracked 
|  83|0x000000070a600000, 0x000000070a600000, 0x000000070a800000|  0%| F|  |TAMS 0x000000070a600000, 0x000000070a600000| Untracked 
|  84|0x000000070a800000, 0x000000070a800000, 0x000000070aa00000|  0%| F|  |TAMS 0x000000070a800000, 0x000000070a800000| Untracked 
|  85|0x000000070aa00000, 0x000000070aa00000, 0x000000070ac00000|  0%| F|  |TAMS 0x000000070aa00000, 0x000000070aa00000| Untracked 
|  86|0x000000070ac00000, 0x000000070ac00000, 0x000000070ae00000|  0%| F|  |TAMS 0x000000070ac00000, 0x000000070ac00000| Untracked 
|  87|0x000000070ae00000, 0x000000070ae00000, 0x000000070b000000|  0%| F|  |TAMS 0x000000070ae00000, 0x000000070ae00000| Untracked 
|  88|0x000000070b000000, 0x000000070b000000, 0x000000070b200000|  0%| F|  |TAMS 0x000000070b000000, 0x000000070b000000| Untracked 
|  89|0x000000070b200000, 0x000000070b200000, 0x000000070b400000|  0%| F|  |TAMS 0x000000070b200000, 0x000000070b200000| Untracked 
|  90|0x000000070b400000, 0x000000070b400000, 0x000000070b600000|  0%| F|  |TAMS 0x000000070b400000, 0x000000070b400000| Untracked 
|  91|0x000000070b600000, 0x000000070b600000, 0x000000070b800000|  0%| F|  |TAMS 0x000000070b600000, 0x000000070b600000| Untracked 
|  92|0x000000070b800000, 0x000000070b800000, 0x000000070ba00000|  0%| F|  |TAMS 0x000000070b800000, 0x000000070b800000| Untracked 
|  93|0x000000070ba00000, 0x000000070ba00000, 0x000000070bc00000|  0%| F|  |TAMS 0x000000070ba00000, 0x000000070ba00000| Untracked 
|  94|0x000000070bc00000, 0x000000070bc00000, 0x000000070be00000|  0%| F|  |TAMS 0x000000070bc00000, 0x000000070bc00000| Untracked 
|  95|0x000000070be00000, 0x000000070be00000, 0x000000070c000000|  0%| F|  |TAMS 0x000000070be00000, 0x000000070be00000| Untracked 
|  96|0x000000070c000000, 0x000000070c000000, 0x000000070c200000|  0%| F|  |TAMS 0x000000070c000000, 0x000000070c000000| Untracked 
|  97|0x000000070c200000, 0x000000070c200000, 0x000000070c400000|  0%| F|  |TAMS 0x000000070c200000, 0x000000070c200000| Untracked 
|  98|0x000000070c400000, 0x000000070c400000, 0x000000070c600000|  0%| F|  |TAMS 0x000000070c400000, 0x000000070c400000| Untracked 
|  99|0x000000070c600000, 0x000000070c600000, 0x000000070c800000|  0%| F|  |TAMS 0x000000070c600000, 0x000000070c600000| Untracked 
| 100|0x000000070c800000, 0x000000070c800000, 0x000000070ca00000|  0%| F|  |TAMS 0x000000070c800000, 0x000000070c800000| Untracked 
| 101|0x000000070ca00000, 0x000000070ca00000, 0x000000070cc00000|  0%| F|  |TAMS 0x000000070ca00000, 0x000000070ca00000| Untracked 
| 102|0x000000070cc00000, 0x000000070cc00000, 0x000000070ce00000|  0%| F|  |TAMS 0x000000070cc00000, 0x000000070cc00000| Untracked 
| 103|0x000000070ce00000, 0x000000070ce00000, 0x000000070d000000|  0%| F|  |TAMS 0x000000070ce00000, 0x000000070ce00000| Untracked 
| 104|0x000000070d000000, 0x000000070d000000, 0x000000070d200000|  0%| F|  |TAMS 0x000000070d000000, 0x000000070d000000| Untracked 
| 105|0x000000070d200000, 0x000000070d200000, 0x000000070d400000|  0%| F|  |TAMS 0x000000070d200000, 0x000000070d200000| Untracked 
| 106|0x000000070d400000, 0x000000070d400000, 0x000000070d600000|  0%| F|  |TAMS 0x000000070d400000, 0x000000070d400000| Untracked 
| 107|0x000000070d600000, 0x000000070d600000, 0x000000070d800000|  0%| F|  |TAMS 0x000000070d600000, 0x000000070d600000| Untracked 
| 108|0x000000070d800000, 0x000000070d800000, 0x000000070da00000|  0%| F|  |TAMS 0x000000070d800000, 0x000000070d800000| Untracked 
| 109|0x000000070da00000, 0x000000070da00000, 0x000000070dc00000|  0%| F|  |TAMS 0x000000070da00000, 0x000000070da00000| Untracked 
| 110|0x000000070dc00000, 0x000000070dc00000, 0x000000070de00000|  0%| F|  |TAMS 0x000000070dc00000, 0x000000070dc00000| Untracked 
| 111|0x000000070de00000, 0x000000070df2e8b0, 0x000000070e000000| 59%| S|CS|TAMS 0x000000070de00000, 0x000000070de00000| Complete 
| 112|0x000000070e000000, 0x000000070e000000, 0x000000070e200000|  0%| F|  |TAMS 0x000000070e000000, 0x000000070e000000| Untracked 
| 113|0x000000070e200000, 0x000000070e200000, 0x000000070e400000|  0%| F|  |TAMS 0x000000070e200000, 0x000000070e200000| Untracked 
|2047|0x00000007ffe00000, 0x0000000800000000, 0x0000000800000000|100%| O|  |TAMS 0x0000000800000000, 0x00000007ffe00000| Untracked 

Card table byte_map: [0x0000021e43bd0000,0x0000021e443d0000] _byte_map_base: 0x0000021e403d0000

Marking Bits (Prev, Next): (CMBitMap*) 0x0000021e2eb4e510, (CMBitMap*) 0x0000021e2eb4e4d0
 Prev Bits: [0x0000021e48bd0000, 0x0000021e4cbd0000)
 Next Bits: [0x0000021e44bd0000, 0x0000021e48bd0000)

Polling page: 0x0000021e2e900000

Metaspace:

Usage:
  Non-class:     87.21 MB used.
      Class:     13.86 MB used.
       Both:    101.07 MB used.

Virtual space:
  Non-class space:       96.00 MB reserved,      87.75 MB ( 91%) committed,  12 nodes.
      Class space:        1.00 GB reserved,      14.31 MB (  1%) committed,  1 nodes.
             Both:        1.09 GB reserved,     102.06 MB (  9%) committed. 

Chunk freelists:
   Non-Class:  3.97 MB
       Class:  1.73 MB
        Both:  5.70 MB

MaxMetaspaceSize: unlimited
CompressedClassSpaceSize: 1.00 GB
Initial GC threshold: 21.00 MB
Current GC threshold: 167.12 MB
CDS: off
MetaspaceReclaimPolicy: balanced
 - commit_granule_bytes: 65536.
 - commit_granule_words: 8192.
 - virtual_space_node_default_size: 1048576.
 - enlarge_chunks_in_place: 1.
 - new_chunks_are_fully_committed: 0.
 - uncommit_free_chunks: 1.
 - use_allocation_guard: 0.
 - handle_deallocations: 1.


Internal statistics:

num_allocs_failed_limit: 12.
num_arena_births: 1204.
num_arena_deaths: 0.
num_vsnodes_births: 13.
num_vsnodes_deaths: 0.
num_space_committed: 1633.
num_space_uncommitted: 0.
num_chunks_returned_to_freelist: 12.
num_chunks_taken_from_freelist: 5186.
num_chunk_merges: 6.
num_chunk_splits: 3378.
num_chunks_enlarged: 2220.
num_purges: 0.
num_inconsistent_stats: 0.

CodeHeap 'non-profiled nmethods': size=120000Kb used=5695Kb max_used=5695Kb free=114304Kb
 bounds [0x0000021e3b220000, 0x0000021e3b7d0000, 0x0000021e42750000]
CodeHeap 'profiled nmethods': size=120000Kb used=21276Kb max_used=21276Kb free=98723Kb
 bounds [0x0000021e33750000, 0x0000021e34c20000, 0x0000021e3ac80000]
CodeHeap 'non-nmethods': size=5760Kb used=2403Kb max_used=2475Kb free=3356Kb
 bounds [0x0000021e3ac80000, 0x0000021e3af00000, 0x0000021e3b220000]
 total_blobs=12200 nmethods=11264 adapters=847
 compilation: enabled
              stopped_count=0, restarted_count=0
 full_count=0

Compilation events (20 events):
Event: 29.664 Thread 0x0000021e4f078130 nmethod 12996 0x0000021e34c15e10 code [0x0000021e34c15fa0, 0x0000021e34c160d8]
Event: 29.664 Thread 0x0000021e4f078130 12993       3       java.io.ObjectInputStream$BlockDataInputStream::readUTF (10 bytes)
Event: 29.664 Thread 0x0000021e4f078130 nmethod 12993 0x0000021e34c16190 code [0x0000021e34c16340, 0x0000021e34c164d8]
Event: 29.664 Thread 0x0000021e4f078130 12992       3       java.io.ObjectStreamClass::getSuperDesc (9 bytes)
Event: 29.664 Thread 0x0000021e534c9290 nmethod 12970 0x0000021e3b434590 code [0x0000021e3b434720, 0x0000021e3b434cd8]
Event: 29.664 Thread 0x0000021e534c9290 12982       4       com.google.protobuf.UnknownFieldSet::getDefaultInstance (4 bytes)
Event: 29.664 Thread 0x0000021e4f078130 nmethod 12992 0x0000021e34c16590 code [0x0000021e34c16740, 0x0000021e34c169c8]
Event: 29.664 Thread 0x0000021e4f078130 12997       1       java.io.ObjectStreamField::setOffset (6 bytes)
Event: 29.664 Thread 0x0000021e4f078130 nmethod 12997 0x0000021e3b434290 code [0x0000021e3b434420, 0x0000021e3b4344f8]
Event: 29.664 Thread 0x0000021e4f078130 12999       1       java.io.ObjectInputStream$PeekInputStream::getBytesRead (5 bytes)
Event: 29.664 Thread 0x0000021e4f078130 nmethod 12999 0x0000021e3b433f90 code [0x0000021e3b434120, 0x0000021e3b4341f8]
Event: 29.664 Thread 0x0000021e4f078130 13000       1       jdk.internal.event.DeserializationEvent::shouldCommit (2 bytes)
Event: 29.664 Thread 0x0000021e4f078130 nmethod 13000 0x0000021e3b433c90 code [0x0000021e3b433e20, 0x0000021e3b433ef8]
Event: 29.665 Thread 0x0000021e4f078130 12998       1       java.io.ObjectStreamField::getField (5 bytes)
Event: 29.665 Thread 0x0000021e534c9290 nmethod 12982 0x0000021e3b433990 code [0x0000021e3b433b00, 0x0000021e3b433b58]
Event: 29.665 Thread 0x0000021e534c9290 12948       4       java.nio.HeapByteBuffer::putInt (31 bytes)
Event: 29.665 Thread 0x0000021e4f078130 nmethod 12998 0x0000021e3b433690 code [0x0000021e3b433820, 0x0000021e3b4338f8]
Event: 29.665 Thread 0x0000021e4f078130 13001       3       java.io.ObjectInputStream$BlockDataInputStream::readUnsignedShort (76 bytes)
Event: 29.666 Thread 0x0000021e4f078130 nmethod 13001 0x0000021e34c16b10 code [0x0000021e34c16ce0, 0x0000021e34c17018]
Event: 29.666 Thread 0x0000021e4f078130 13003       3       java.io.ObjectInputStream$BlockDataInputStream::readUTFBody (192 bytes)

GC Heap History (20 events):
Event: 23.143 GC heap after
{Heap after GC invocations=37 (full 0):
 garbage-first heap   total 165888K, used 84053K [0x0000000700000000, 0x0000000800000000)
  region size 2048K, 4 young (8192K), 4 survivors (8192K)
 Metaspace       used 91068K, committed 91776K, reserved 1130496K
  class space    used 12514K, committed 12800K, reserved 1048576K
}
Event: 23.965 GC heap before
{Heap before GC invocations=37 (full 0):
 garbage-first heap   total 165888K, used 127061K [0x0000000700000000, 0x0000000800000000)
  region size 2048K, 26 young (53248K), 4 survivors (8192K)
 Metaspace       used 92669K, committed 93504K, reserved 1130496K
  class space    used 12773K, committed 13120K, reserved 1048576K
}
Event: 23.978 GC heap after
{Heap after GC invocations=38 (full 0):
 garbage-first heap   total 165888K, used 93943K [0x0000000700000000, 0x0000000800000000)
  region size 2048K, 4 young (8192K), 4 survivors (8192K)
 Metaspace       used 92669K, committed 93504K, reserved 1130496K
  class space    used 12773K, committed 13120K, reserved 1048576K
}
Event: 25.198 GC heap before
{Heap before GC invocations=39 (full 0):
 garbage-first heap   total 165888K, used 128759K [0x0000000700000000, 0x0000000800000000)
  region size 2048K, 22 young (45056K), 4 survivors (8192K)
 Metaspace       used 93204K, committed 94080K, reserved 1130496K
  class space    used 12836K, committed 13184K, reserved 1048576K
}
Event: 25.209 GC heap after
{Heap after GC invocations=40 (full 0):
 garbage-first heap   total 165888K, used 104599K [0x0000000700000000, 0x0000000800000000)
  region size 2048K, 3 young (6144K), 3 survivors (6144K)
 Metaspace       used 93204K, committed 94080K, reserved 1130496K
  class space    used 12836K, committed 13184K, reserved 1048576K
}
Event: 25.794 GC heap before
{Heap before GC invocations=40 (full 0):
 garbage-first heap   total 165888K, used 129175K [0x0000000700000000, 0x0000000800000000)
  region size 2048K, 16 young (32768K), 3 survivors (6144K)
 Metaspace       used 93588K, committed 94464K, reserved 1130496K
  class space    used 12880K, committed 13248K, reserved 1048576K
}
Event: 25.805 GC heap after
{Heap after GC invocations=41 (full 0):
 garbage-first heap   total 165888K, used 110732K [0x0000000700000000, 0x0000000800000000)
  region size 2048K, 2 young (4096K), 2 survivors (4096K)
 Metaspace       used 93588K, committed 94464K, reserved 1130496K
  class space    used 12880K, committed 13248K, reserved 1048576K
}
Event: 26.309 GC heap before
{Heap before GC invocations=42 (full 0):
 garbage-first heap   total 192512K, used 129164K [0x0000000700000000, 0x0000000800000000)
  region size 2048K, 12 young (24576K), 2 survivors (4096K)
 Metaspace       used 93962K, committed 94912K, reserved 1138688K
  class space    used 12923K, committed 13312K, reserved 1048576K
}
Event: 26.320 GC heap after
{Heap after GC invocations=43 (full 0):
 garbage-first heap   total 192512K, used 115841K [0x0000000700000000, 0x0000000800000000)
  region size 2048K, 2 young (4096K), 2 survivors (4096K)
 Metaspace       used 93962K, committed 94912K, reserved 1138688K
  class space    used 12923K, committed 13312K, reserved 1048576K
}
Event: 26.901 GC heap before
{Heap before GC invocations=43 (full 0):
 garbage-first heap   total 192512K, used 148609K [0x0000000700000000, 0x0000000800000000)
  region size 2048K, 18 young (36864K), 2 survivors (4096K)
 Metaspace       used 95917K, committed 96768K, reserved 1138688K
  class space    used 13212K, committed 13568K, reserved 1048576K
}
Event: 26.912 GC heap after
{Heap after GC invocations=44 (full 0):
 garbage-first heap   total 192512K, used 121129K [0x0000000700000000, 0x0000000800000000)
  region size 2048K, 3 young (6144K), 3 survivors (6144K)
 Metaspace       used 95917K, committed 96768K, reserved 1138688K
  class space    used 13212K, committed 13568K, reserved 1048576K
}
Event: 27.816 GC heap before
{Heap before GC invocations=45 (full 0):
 garbage-first heap   total 212992K, used 151849K [0x0000000700000000, 0x0000000800000000)
  region size 2048K, 18 young (36864K), 3 survivors (6144K)
 Metaspace       used 99693K, committed 100608K, reserved 1138688K
  class space    used 13748K, committed 14144K, reserved 1048576K
}
Event: 27.827 GC heap after
{Heap after GC invocations=46 (full 0):
 garbage-first heap   total 212992K, used 125264K [0x0000000700000000, 0x0000000800000000)
  region size 2048K, 3 young (6144K), 3 survivors (6144K)
 Metaspace       used 99693K, committed 100608K, reserved 1138688K
  class space    used 13748K, committed 14144K, reserved 1048576K
}
Event: 27.898 GC heap before
{Heap before GC invocations=46 (full 0):
 garbage-first heap   total 212992K, used 129360K [0x0000000700000000, 0x0000000800000000)
  region size 2048K, 5 young (10240K), 3 survivors (6144K)
 Metaspace       used 100006K, committed 100864K, reserved 1138688K
  class space    used 13781K, committed 14144K, reserved 1048576K
}
Event: 27.904 GC heap after
{Heap after GC invocations=47 (full 0):
 garbage-first heap   total 212992K, used 125421K [0x0000000700000000, 0x0000000800000000)
  region size 2048K, 1 young (2048K), 1 survivors (2048K)
 Metaspace       used 100006K, committed 100864K, reserved 1138688K
  class space    used 13781K, committed 14144K, reserved 1048576K
}
Event: 28.645 GC heap before
{Heap before GC invocations=47 (full 0):
 garbage-first heap   total 212992K, used 166381K [0x0000000700000000, 0x0000000800000000)
  region size 2048K, 21 young (43008K), 1 survivors (2048K)
 Metaspace       used 101504K, committed 102528K, reserved 1138688K
  class space    used 13978K, committed 14400K, reserved 1048576K
}
Event: 28.655 GC heap after
{Heap after GC invocations=48 (full 0):
 garbage-first heap   total 212992K, used 132453K [0x0000000700000000, 0x0000000800000000)
  region size 2048K, 3 young (6144K), 3 survivors (6144K)
 Metaspace       used 101504K, committed 102528K, reserved 1138688K
  class space    used 13978K, committed 14400K, reserved 1048576K
}
Event: 29.500 GC heap before
{Heap before GC invocations=49 (full 0):
 garbage-first heap   total 235520K, used 165221K [0x0000000700000000, 0x0000000800000000)
  region size 2048K, 20 young (40960K), 3 survivors (6144K)
 Metaspace       used 102852K, committed 103808K, reserved 1138688K
  class space    used 14129K, committed 14528K, reserved 1048576K
}
Event: 29.513 GC heap after
{Heap after GC invocations=50 (full 0):
 garbage-first heap   total 235520K, used 138781K [0x0000000700000000, 0x0000000800000000)
  region size 2048K, 3 young (6144K), 3 survivors (6144K)
 Metaspace       used 102852K, committed 103808K, reserved 1138688K
  class space    used 14129K, committed 14528K, reserved 1048576K
}
Event: 29.666 GC heap before
{Heap before GC invocations=50 (full 0):
 garbage-first heap   total 235520K, used 142877K [0x0000000700000000, 0x0000000800000000)
  region size 2048K, 5 young (10240K), 3 survivors (6144K)
 Metaspace       used 103494K, committed 104512K, reserved 1146880K
  class space    used 14190K, committed 14656K, reserved 1048576K
}

Dll operation events (2 events):
Event: 0.014 Loaded shared library C:\Program Files\Android\Android Studio\jbr\bin\java.dll
Event: 1.754 Loaded shared library C:\Program Files\Android\Android Studio\jbr\bin\verify.dll

Deoptimization events (20 events):
Event: 29.146 Thread 0x0000021e51efaed0 DEOPT PACKING pc=0x0000021e3456754e sp=0x000000f32b5f8ef0
Event: 29.146 Thread 0x0000021e51efaed0 DEOPT UNPACKING pc=0x0000021e3acd7143 sp=0x000000f32b5f8490 mode 0
Event: 29.231 Thread 0x0000021e51efaed0 DEOPT PACKING pc=0x0000021e3456754e sp=0x000000f32b5f8f70
Event: 29.231 Thread 0x0000021e51efaed0 DEOPT UNPACKING pc=0x0000021e3acd7143 sp=0x000000f32b5f8510 mode 0
Event: 29.531 Thread 0x0000021e51efaed0 Uncommon trap: trap_request=0xffffffbe fr.pc=0x0000021e3b3cfd80 relative=0x00000000000023a0
Event: 29.531 Thread 0x0000021e51efaed0 Uncommon trap: reason=profile_predicate action=maybe_recompile pc=0x0000021e3b3cfd80 method=jdk.internal.jimage.ImageStringsReader.stringFromByteBufferMatches(Ljava/nio/ByteBuffer;ILjava/lang/String;I)I @ 19 c2
Event: 29.531 Thread 0x0000021e51efaed0 DEOPT PACKING pc=0x0000021e3b3cfd80 sp=0x000000f32b5f7830
Event: 29.531 Thread 0x0000021e51efaed0 DEOPT UNPACKING pc=0x0000021e3acd69a3 sp=0x000000f32b5f7588 mode 2
Event: 29.531 Thread 0x0000021e51efaed0 Uncommon trap: trap_request=0xffffffbe fr.pc=0x0000021e3b3cfd80 relative=0x00000000000023a0
Event: 29.531 Thread 0x0000021e51efaed0 Uncommon trap: reason=profile_predicate action=maybe_recompile pc=0x0000021e3b3cfd80 method=jdk.internal.jimage.ImageStringsReader.stringFromByteBufferMatches(Ljava/nio/ByteBuffer;ILjava/lang/String;I)I @ 19 c2
Event: 29.531 Thread 0x0000021e51efaed0 DEOPT PACKING pc=0x0000021e3b3cfd80 sp=0x000000f32b5f7830
Event: 29.531 Thread 0x0000021e51efaed0 DEOPT UNPACKING pc=0x0000021e3acd69a3 sp=0x000000f32b5f7588 mode 2
Event: 29.532 Thread 0x0000021e51efaed0 Uncommon trap: trap_request=0xffffffbe fr.pc=0x0000021e3b3cfd80 relative=0x00000000000023a0
Event: 29.532 Thread 0x0000021e51efaed0 Uncommon trap: reason=profile_predicate action=maybe_recompile pc=0x0000021e3b3cfd80 method=jdk.internal.jimage.ImageStringsReader.stringFromByteBufferMatches(Ljava/nio/ByteBuffer;ILjava/lang/String;I)I @ 19 c2
Event: 29.532 Thread 0x0000021e51efaed0 DEOPT PACKING pc=0x0000021e3b3cfd80 sp=0x000000f32b5f7830
Event: 29.532 Thread 0x0000021e51efaed0 DEOPT UNPACKING pc=0x0000021e3acd69a3 sp=0x000000f32b5f7588 mode 2
Event: 29.532 Thread 0x0000021e51efaed0 Uncommon trap: trap_request=0xffffffbe fr.pc=0x0000021e3b3cfd80 relative=0x00000000000023a0
Event: 29.532 Thread 0x0000021e51efaed0 Uncommon trap: reason=profile_predicate action=maybe_recompile pc=0x0000021e3b3cfd80 method=jdk.internal.jimage.ImageStringsReader.stringFromByteBufferMatches(Ljava/nio/ByteBuffer;ILjava/lang/String;I)I @ 19 c2
Event: 29.532 Thread 0x0000021e51efaed0 DEOPT PACKING pc=0x0000021e3b3cfd80 sp=0x000000f32b5f7830
Event: 29.532 Thread 0x0000021e51efaed0 DEOPT UNPACKING pc=0x0000021e3acd69a3 sp=0x000000f32b5f7588 mode 2

Classes unloaded (0 events):
No events

Classes redefined (0 events):
No events

Internal exceptions (20 events):
Event: 26.514 Thread 0x0000021e51efaed0 Implicit null exception at 0x0000021e3b78f5ec to 0x0000021e3b78fbe0
Event: 26.716 Thread 0x0000021e51efaed0 Exception <a 'sun/nio/fs/WindowsException'{0x0000000709d6a438}> (0x0000000709d6a438) 
thrown [s\src\hotspot\share\prims\jni.cpp, line 517]
Event: 26.920 Thread 0x0000021e51efaed0 Exception <a 'java/lang/NullPointerException'{0x000000070b87bc28}> (0x000000070b87bc28) 
thrown [s\src\hotspot\share\interpreter\linkResolver.cpp, line 1447]
Event: 27.086 Thread 0x0000021e51efaed0 Implicit null exception at 0x0000021e3b4d8a29 to 0x0000021e3b4de8c8
Event: 27.324 Thread 0x0000021e51efaed0 Exception <a 'java/lang/NoSuchMethodError'{0x000000070c5465f8}: 'int java.lang.invoke.DirectMethodHandle$Holder.invokeStatic(java.lang.Object, java.lang.Object, int, java.lang.Object)'> (0x000000070c5465f8) 
thrown [s\src\hotspot\share\interpreter\linkResolver.cpp, line 771]
Event: 27.438 Thread 0x0000021e51efaed0 Exception <a 'sun/nio/fs/WindowsException'{0x000000070c2571a8}> (0x000000070c2571a8) 
thrown [s\src\hotspot\share\prims\jni.cpp, line 517]
Event: 27.440 Thread 0x0000021e51efaed0 Exception <a 'sun/nio/fs/WindowsException'{0x000000070c258538}> (0x000000070c258538) 
thrown [s\src\hotspot\share\prims\jni.cpp, line 517]
Event: 27.441 Thread 0x0000021e51efaed0 Exception <a 'sun/nio/fs/WindowsException'{0x000000070c259900}> (0x000000070c259900) 
thrown [s\src\hotspot\share\prims\jni.cpp, line 517]
Event: 27.441 Thread 0x0000021e51efaed0 Exception <a 'sun/nio/fs/WindowsException'{0x000000070c25acc8}> (0x000000070c25acc8) 
thrown [s\src\hotspot\share\prims\jni.cpp, line 517]
Event: 27.828 Thread 0x0000021e504340d0 Implicit null exception at 0x0000021e3b76557d to 0x0000021e3b765cd8
Event: 28.194 Thread 0x0000021e51efaed0 Exception <a 'java/lang/ClassNotFoundException'{0x000000070bfbb698}: org/gradle/api/internal/file/collections/DefaultConfigurableFileCollectionBeanInfo> (0x000000070bfbb698) 
thrown [s\src\hotspot\share\classfile\systemDictionary.cpp, line 256]
Event: 28.195 Thread 0x0000021e51efaed0 Exception <a 'java/lang/ClassNotFoundException'{0x000000070bfc5d80}: org/gradle/api/internal/file/CompositeFileCollectionBeanInfo> (0x000000070bfc5d80) 
thrown [s\src\hotspot\share\classfile\systemDictionary.cpp, line 256]
Event: 28.195 Thread 0x0000021e51efaed0 Exception <a 'java/lang/ClassNotFoundException'{0x000000070bfd0428}: org/gradle/api/internal/file/CompositeFileCollectionCustomizer> (0x000000070bfd0428) 
thrown [s\src\hotspot\share\classfile\systemDictionary.cpp, line 256]
Event: 28.197 Thread 0x0000021e51efaed0 Exception <a 'java/lang/ClassNotFoundException'{0x000000070bfe36a0}: org/gradle/api/internal/file/collections/DefaultConfigurableFileCollectionCustomizer> (0x000000070bfe36a0) 
thrown [s\src\hotspot\share\classfile\systemDictionary.cpp, line 256]
Event: 28.206 Thread 0x0000021e51efaed0 Exception <a 'java/lang/ClassNotFoundException'{0x000000070bc70210}: org/gradle/api/internal/file/UnionFileCollectionBeanInfo> (0x000000070bc70210) 
thrown [s\src\hotspot\share\classfile\systemDictionary.cpp, line 256]
Event: 28.207 Thread 0x0000021e51efaed0 Exception <a 'java/lang/ClassNotFoundException'{0x000000070bc79600}: org/gradle/api/internal/file/UnionFileCollectionCustomizer> (0x000000070bc79600) 
thrown [s\src\hotspot\share\classfile\systemDictionary.cpp, line 256]
Event: 28.323 Thread 0x0000021e51efaed0 Exception <a 'java/lang/IncompatibleClassChangeError'{0x000000070b61d558}: Found class java.lang.Object, but interface was expected> (0x000000070b61d558) 
thrown [s\src\hotspot\share\interpreter\linkResolver.cpp, line 838]
Event: 29.586 Thread 0x0000021e51efaed0 Exception <a 'java/lang/NoSuchMethodError'{0x000000070e392c28}: static Lcom/android/build/gradle/internal/profile/ProjectData;.<clinit>()V> (0x000000070e392c28) 
thrown [s\src\hotspot\share\prims\jni.cpp, line 1108]
Event: 29.617 Thread 0x0000021e51efaed0 Exception <a 'java/lang/NoSuchMethodError'{0x000000070e02b558}: static Lcom/android/build/gradle/internal/profile/TaskMetadata;.<clinit>()V> (0x000000070e02b558) 
thrown [s\src\hotspot\share\prims\jni.cpp, line 1108]
Event: 29.642 Thread 0x0000021e51efaed0 Exception <a 'java/lang/NoSuchMethodError'{0x000000070e159880}: 'void java.lang.invoke.DirectMethodHandle$Holder.invokeSpecial(java.lang.Object, java.lang.Object, java.lang.Object, int)'> (0x000000070e159880) 
thrown [s\src\hotspot\share\interpreter\linkResolver.cpp, line 771]

VM Operations (20 events):
Event: 28.003 Executing VM operation: HandshakeAllThreads done
Event: 28.467 Executing VM operation: ICBufferFull
Event: 28.467 Executing VM operation: ICBufferFull done
Event: 28.615 Executing VM operation: HandshakeAllThreads
Event: 28.616 Executing VM operation: HandshakeAllThreads done
Event: 28.645 Executing VM operation: G1CollectForAllocation
Event: 28.655 Executing VM operation: G1CollectForAllocation done
Event: 28.787 Executing VM operation: G1Concurrent
Event: 28.797 Executing VM operation: G1Concurrent done
Event: 28.847 Executing VM operation: G1Concurrent
Event: 28.864 Executing VM operation: G1Concurrent done
Event: 29.107 Executing VM operation: HandshakeAllThreads
Event: 29.107 Executing VM operation: HandshakeAllThreads done
Event: 29.343 Executing VM operation: HandshakeAllThreads
Event: 29.343 Executing VM operation: HandshakeAllThreads done
Event: 29.500 Executing VM operation: G1CollectForAllocation
Event: 29.513 Executing VM operation: G1CollectForAllocation done
Event: 29.590 Executing VM operation: HandshakeAllThreads
Event: 29.591 Executing VM operation: HandshakeAllThreads done
Event: 29.666 Executing VM operation: G1CollectForAllocation

Events (20 events):
Event: 29.646 loading class java/io/ObjectInputStream$HandleTable$HandleList
Event: 29.646 loading class java/io/ObjectInputStream$HandleTable$HandleList done
Event: 29.646 loading class java/io/ObjectInputStream$ValidationList
Event: 29.646 loading class java/io/ObjectInputStream$ValidationList done
Event: 29.646 loading class java/io/ObjectInputFilter$Config
Event: 29.647 loading class java/io/ObjectInputFilter$Config done
Event: 29.647 loading class java/io/ObjectInputFilter
Event: 29.648 loading class java/io/ObjectInputFilter done
Event: 29.648 loading class java/io/ObjectInputFilter$Config$BuiltinFilterFactory
Event: 29.648 loading class java/io/ObjectInputFilter$Config$BuiltinFilterFactory done
Event: 29.649 loading class jdk/internal/access/JavaObjectInputFilterAccess
Event: 29.649 loading class jdk/internal/access/JavaObjectInputFilterAccess done
Event: 29.649 loading class jdk/internal/event/DeserializationEvent
Event: 29.649 loading class jdk/internal/event/DeserializationEvent done
Event: 29.649 loading class java/io/ObjectInputStream$FieldValues
Event: 29.650 loading class java/io/ObjectInputStream$GetField
Event: 29.650 loading class java/io/ObjectInputStream$GetField done
Event: 29.650 loading class java/io/ObjectInputStream$FieldValues done
Event: 29.651 loading class java/util/HashMap$UnsafeHolder
Event: 29.651 loading class java/util/HashMap$UnsafeHolder done


Dynamic libraries:
0x00007ff65c5a0000 - 0x00007ff65c5aa000 	C:\Program Files\Android\Android Studio\jbr\bin\java.exe
0x00007ffdc41f0000 - 0x00007ffdc4406000 	C:\Windows\SYSTEM32\ntdll.dll
0x00007ffdc32b0000 - 0x00007ffdc3374000 	C:\Windows\System32\KERNEL32.DLL
0x00007ffdc19b0000 - 0x00007ffdc1d57000 	C:\Windows\System32\KERNELBASE.dll
0x00007ffdc1e00000 - 0x00007ffdc1f11000 	C:\Windows\System32\ucrtbase.dll
0x00007ffda0e90000 - 0x00007ffda0eab000 	C:\Program Files\Android\Android Studio\jbr\bin\VCRUNTIME140.dll
0x00007ffd9e820000 - 0x00007ffd9e837000 	C:\Program Files\Android\Android Studio\jbr\bin\jli.dll
0x00007ffdc3ef0000 - 0x00007ffdc409e000 	C:\Windows\System32\USER32.dll
0x00007ffdc1980000 - 0x00007ffdc19a6000 	C:\Windows\System32\win32u.dll
0x00007ffdac220000 - 0x00007ffdac4b3000 	C:\Windows\WinSxS\amd64_microsoft.windows.common-controls_6595b64144ccf1df_6.0.22621.3235_none_270f74e173860f98\COMCTL32.dll
0x00007ffdc2df0000 - 0x00007ffdc2e19000 	C:\Windows\System32\GDI32.dll
0x00007ffdc4100000 - 0x00007ffdc41a7000 	C:\Windows\System32\msvcrt.dll
0x00007ffdc16b0000 - 0x00007ffdc17c9000 	C:\Windows\System32\gdi32full.dll
0x00007ffdc1d60000 - 0x00007ffdc1dfa000 	C:\Windows\System32\msvcp_win.dll
0x00007ffdc20c0000 - 0x00007ffdc20f1000 	C:\Windows\System32\IMM32.DLL
0x00007ffdb77c0000 - 0x00007ffdb77cc000 	C:\Program Files\Android\Android Studio\jbr\bin\vcruntime140_1.dll
0x00007ffd775f0000 - 0x00007ffd7767d000 	C:\Program Files\Android\Android Studio\jbr\bin\msvcp140.dll
0x00007ffd41750000 - 0x00007ffd423be000 	C:\Program Files\Android\Android Studio\jbr\bin\server\jvm.dll
0x00007ffdc2100000 - 0x00007ffdc21b2000 	C:\Windows\System32\ADVAPI32.dll
0x00007ffdc35e0000 - 0x00007ffdc3688000 	C:\Windows\System32\sechost.dll
0x00007ffdc1510000 - 0x00007ffdc1538000 	C:\Windows\System32\bcrypt.dll
0x00007ffdc3710000 - 0x00007ffdc3825000 	C:\Windows\System32\RPCRT4.dll
0x00007ffdba4a0000 - 0x00007ffdba4d4000 	C:\Windows\SYSTEM32\WINMM.dll
0x00007ffd6e4b0000 - 0x00007ffd6e4b9000 	C:\Windows\SYSTEM32\WSOCK32.dll
0x00007ffdb77a0000 - 0x00007ffdb77aa000 	C:\Windows\SYSTEM32\VERSION.dll
0x00007ffdc21d0000 - 0x00007ffdc2241000 	C:\Windows\System32\WS2_32.dll
0x00007ffdc0530000 - 0x00007ffdc0548000 	C:\Windows\SYSTEM32\kernel.appcore.dll
0x00007ffdb1990000 - 0x00007ffdb199a000 	C:\Program Files\Android\Android Studio\jbr\bin\jimage.dll
0x00007ffdbef40000 - 0x00007ffdbf173000 	C:\Windows\SYSTEM32\DBGHELP.DLL
0x00007ffdc3950000 - 0x00007ffdc3cd8000 	C:\Windows\System32\combase.dll
0x00007ffdc24b0000 - 0x00007ffdc2587000 	C:\Windows\System32\OLEAUT32.dll
0x00007ffdb87c0000 - 0x00007ffdb87f2000 	C:\Windows\SYSTEM32\dbgcore.DLL
0x00007ffdc17d0000 - 0x00007ffdc1849000 	C:\Windows\System32\bcryptPrimitives.dll
0x00007ffd8e0d0000 - 0x00007ffd8e0f5000 	C:\Program Files\Android\Android Studio\jbr\bin\java.dll
0x00007ffd91860000 - 0x00007ffd91878000 	C:\Program Files\Android\Android Studio\jbr\bin\zip.dll
0x00007ffdc2590000 - 0x00007ffdc2dec000 	C:\Windows\System32\SHELL32.dll
0x00007ffdbf440000 - 0x00007ffdbfd39000 	C:\Windows\SYSTEM32\windows.storage.dll
0x00007ffdbf300000 - 0x00007ffdbf43e000 	C:\Windows\SYSTEM32\wintypes.dll
0x00007ffdc23b0000 - 0x00007ffdc24a3000 	C:\Windows\System32\SHCORE.dll
0x00007ffdc3e90000 - 0x00007ffdc3eee000 	C:\Windows\System32\shlwapi.dll
0x00007ffdc1440000 - 0x00007ffdc1461000 	C:\Windows\SYSTEM32\profapi.dll
0x00007ffd8e680000 - 0x00007ffd8e699000 	C:\Program Files\Android\Android Studio\jbr\bin\net.dll
0x00007ffdbad20000 - 0x00007ffdbae56000 	C:\Windows\SYSTEM32\WINHTTP.dll
0x00007ffdc09b0000 - 0x00007ffdc0a19000 	C:\Windows\system32\mswsock.dll
0x00007ffd8e560000 - 0x00007ffd8e576000 	C:\Program Files\Android\Android Studio\jbr\bin\nio.dll
0x00007ffdbe1c0000 - 0x00007ffdbe1d0000 	C:\Program Files\Android\Android Studio\jbr\bin\verify.dll
0x00007ffd9f7d0000 - 0x00007ffd9f7f7000 	C:\Users\91871\.gradle\native\c067742578af261105cb4f569cf0c3c89f3d7b1fecec35dd04571415982c5e48\windows-amd64\native-platform.dll
0x00007ffd77b20000 - 0x00007ffd77c64000 	C:\Users\91871\.gradle\native\38dada09dfb8b06ba9b0570ebf7e218e3eb74d4ef43ca46872605cf95ebc2f47\windows-amd64\native-platform-file-events.dll
0x00007ffdada50000 - 0x00007ffdada59000 	C:\Program Files\Android\Android Studio\jbr\bin\management.dll
0x00007ffdad6c0000 - 0x00007ffdad6cb000 	C:\Program Files\Android\Android Studio\jbr\bin\management_ext.dll
0x00007ffdc21c0000 - 0x00007ffdc21c8000 	C:\Windows\System32\PSAPI.DLL
0x00007ffdc0c20000 - 0x00007ffdc0c3b000 	C:\Windows\SYSTEM32\CRYPTSP.dll
0x00007ffdc0490000 - 0x00007ffdc04c5000 	C:\Windows\system32\rsaenh.dll
0x00007ffdc0ac0000 - 0x00007ffdc0ae8000 	C:\Windows\SYSTEM32\USERENV.dll
0x00007ffdc0c40000 - 0x00007ffdc0c4c000 	C:\Windows\SYSTEM32\CRYPTBASE.dll
0x00007ffdbffe0000 - 0x00007ffdc000d000 	C:\Windows\SYSTEM32\IPHLPAPI.DLL
0x00007ffdc32a0000 - 0x00007ffdc32a9000 	C:\Windows\System32\NSI.dll
0x00007ffdbb380000 - 0x00007ffdbb399000 	C:\Windows\SYSTEM32\dhcpcsvc6.DLL
0x00007ffdbaf20000 - 0x00007ffdbaf3f000 	C:\Windows\SYSTEM32\dhcpcsvc.DLL
0x00007ffdc0060000 - 0x00007ffdc0159000 	C:\Windows\SYSTEM32\DNSAPI.dll
0x00007ffd51850000 - 0x00007ffd51858000 	C:\Windows\system32\wshunix.dll

dbghelp: loaded successfully - version: 4.0.5 - missing functions: none
symbol engine: initialized successfully - sym options: 0x614 - pdb path: .;C:\Program Files\Android\Android Studio\jbr\bin;C:\Windows\SYSTEM32;C:\Windows\WinSxS\amd64_microsoft.windows.common-controls_6595b64144ccf1df_6.0.22621.3235_none_270f74e173860f98;C:\Program Files\Android\Android Studio\jbr\bin\server;C:\Users\91871\.gradle\native\c067742578af261105cb4f569cf0c3c89f3d7b1fecec35dd04571415982c5e48\windows-amd64;C:\Users\91871\.gradle\native\38dada09dfb8b06ba9b0570ebf7e218e3eb74d4ef43ca46872605cf95ebc2f47\windows-amd64

VM Arguments:
jvm_args: --add-opens=java.base/java.util=ALL-UNNAMED --add-opens=java.base/java.lang=ALL-UNNAMED --add-opens=java.base/java.lang.invoke=ALL-UNNAMED --add-opens=java.prefs/java.util.prefs=ALL-UNNAMED --add-opens=java.base/java.nio.charset=ALL-UNNAMED --add-opens=java.base/java.net=ALL-UNNAMED --add-opens=java.base/java.util.concurrent.atomic=ALL-UNNAMED -Xmx4G -Dfile.encoding=windows-1252 -Duser.country=IN -Duser.language=en -Duser.variant 
java_command: org.gradle.launcher.daemon.bootstrap.GradleDaemon 7.6.3
java_class_path (initial): C:\Users\91871\.gradle\wrapper\dists\gradle-7.6.3-all\aocdy2d2z8kodnny3rsumj8i8\gradle-7.6.3\lib\gradle-launcher-7.6.3.jar
Launcher Type: SUN_STANDARD

[Global flags]
     intx CICompilerCount                          = 4                                         {product} {ergonomic}
     uint ConcGCThreads                            = 3                                         {product} {ergonomic}
     uint G1ConcRefinementThreads                  = 10                                        {product} {ergonomic}
   size_t G1HeapRegionSize                         = 2097152                                   {product} {ergonomic}
    uintx GCDrainStackTargetSize                   = 64                                        {product} {ergonomic}
   size_t InitialHeapSize                          = 98566144                                  {product} {ergonomic}
   size_t MarkStackSize                            = 4194304                                   {product} {ergonomic}
   size_t MaxHeapSize                              = 4294967296                                {product} {command line}
   size_t MaxNewSize                               = 2575302656                                {product} {ergonomic}
   size_t MinHeapDeltaBytes                        = 2097152                                   {product} {ergonomic}
   size_t MinHeapSize                              = 8388608                                   {product} {ergonomic}
    uintx NonNMethodCodeHeapSize                   = 5839372                                {pd product} {ergonomic}
    uintx NonProfiledCodeHeapSize                  = 122909434                              {pd product} {ergonomic}
    uintx ProfiledCodeHeapSize                     = 122909434                              {pd product} {ergonomic}
    uintx ReservedCodeCacheSize                    = 251658240                              {pd product} {ergonomic}
     bool SegmentedCodeCache                       = true                                      {product} {ergonomic}
   size_t SoftMaxHeapSize                          = 4294967296                             {manageable} {ergonomic}
     bool UseCompressedClassPointers               = true                           {product lp64_product} {ergonomic}
     bool UseCompressedOops                        = true                           {product lp64_product} {ergonomic}
     bool UseG1GC                                  = true                                      {product} {ergonomic}
     bool UseLargePagesIndividualAllocation        = false                                  {pd product} {ergonomic}

Logging:
Log output configuration:
 #0: stdout all=warning uptime,level,tags
 #1: stderr all=off uptime,level,tags

Environment Variables:
JAVA_HOME=C:\Program Files\Android\Android Studio\jbr
CLASSPATH=C:\Users\91871\Desktop\My Flutter Projects\instagram_project\android\\gradle\wrapper\gradle-wrapper.jar
PATH=C:\Program Files\Android\Android Studio\jbr\bin;C:\ProgramData\Oracle\Java\javapath;C:\Program Files\Common Files\Oracle\Java\javapath;C:\Windows\system32;C:\Windows;C:\Windows\System32\Wbem;C:\Windows\System32\WindowsPowerShell\v1.0\;C:\Windows\System32\OpenSSH\;C:\Program Files\Git\cmd;C:\Program Files\dotnet\;C:\Program Files (x86)\Windows Kits\10\Windows Performance Toolkit\;C:\Program Files\nodejs\;C:\Users\91871\AppData\Local\Pub\Cache\bin;C:\Users\91871\AppData\Local\Microsoft\WindowsApps;C:\Program Files\mingw-w64\mingw64\bin;C:\Users\91871\AppData\Local\Programs\Microsoft VS Code\bin;C:\Users\91871\Documents\flutter\bin;C:\Users\91871\AppData\Roaming\npm;C:\Users\91871\AppData\Local\Pub\Cache\bin;;C:\Users\91871\Documents\flutter\bin\mingit\cmd;C:\Users\91871\Documents\flutter\bin\mingit\cmd
USERNAME=91871
OS=Windows_NT
PROCESSOR_IDENTIFIER=AMD64 Family 23 Model 104 Stepping 1, AuthenticAMD
TMP=C:\Users\91871\AppData\Local\Temp
TEMP=C:\Users\91871\AppData\Local\Temp


JNI global refs:
JNI global refs: 25, weak refs: 3

JNI global refs memory usage: 843, weak refs: 841


---------------  S Y S T E M  ---------------

OS:
 Windows 11 , 64 bit Build 22621 (10.0.22621.3374)
OS uptime: 9 days 21:48 hours
Hyper-V role detected

CPU: total 12 (initial active 12) (12 cores per cpu, 2 threads per core) family 23 model 104 stepping 1 microcode 0x0, cx8, cmov, fxsr, ht, mmx, 3dnowpref, sse, sse2, sse3, ssse3, sse4a, sse4.1, sse4.2, popcnt, lzcnt, tsc, tscinvbit, avx, avx2, aes, clmul, bmi1, bmi2, adx, sha, fma, vzeroupper, clflush, clflushopt, hv

Memory: 4k page, system-wide physical 5989M (163M free)
TotalPageFile size 24421M (AvailPageFile size 84M)
current process WorkingSet (physical memory assigned to process): 371M, peak: 448M
current process commit charge ("private bytes"): 566M, peak: 645M

vm_info: OpenJDK 64-Bit Server VM (17.0.6+0-b2043.56-10027231) for windows-amd64 JRE (17.0.6+0-b2043.56-10027231), built on Apr 28 2023 00:43:19 by "androidbuild" with MS VC++ 16.10 / 16.11 (VS2019)

END.
