#
# There is insufficient memory for the Java Runtime Environment to continue.
# Native memory allocation (malloc) failed to allocate 404464 bytes for Chunk::new
# Possible reasons:
#   The system is out of physical RAM or swap space
#   The process is running with CompressedOops enabled, and the Java Heap may be blocking the growth of the native heap
# Possible solutions:
#   Reduce memory load on the system
#   Increase physical memory or swap space
#   Check if swap backing store is full
#   Decrease Java heap size (-Xmx/-Xms)
#   Decrease number of Java threads
#   Decrease Java thread stack sizes (-Xss)
#   Set larger code cache with -XX:ReservedCodeCacheSize=
#   JVM is running with Unscaled Compressed Oops mode in which the Java heap is
#     placed in the first 4GB address space. The Java Heap base address is the
#     maximum limit for the native heap growth. Please use -XX:HeapBaseMinAddress
#     to set the Java Heap base and to place the Java Heap above 4GB virtual address.
# This output file may be truncated or incomplete.
#
#  Out of Memory Error (arena.cpp:189), pid=16960, tid=14592
#
# JRE version: OpenJDK Runtime Environment (17.0.6) (build 17.0.6+0-b2043.56-10027231)
# Java VM: OpenJDK 64-Bit Server VM (17.0.6+0-b2043.56-10027231, mixed mode, tiered, compressed oops, compressed class ptrs, g1 gc, windows-amd64)
# No core dump will be written. Minidumps are not enabled by default on client versions of Windows
#

---------------  S U M M A R Y ------------

Command Line: -Dorg.gradle.appname=gradlew org.gradle.wrapper.GradleWrapperMain -q -Ptarget-platform=android-arm64 -Ptarget=C:\Users\91871\Desktop\My Flutter Projects\instagram_project\lib\main.dart -Pbase-application-name=android.app.Application -Pdart-defines=RkxVVFRFUl9XRUJfQVVUT19ERVRFQ1Q9dHJ1ZQ==,RkxVVFRFUl9XRUJfQ0FOVkFTS0lUX1VSTD1odHRwczovL3d3dy5nc3RhdGljLmNvbS9mbHV0dGVyLWNhbnZhc2tpdC9hNWMyNGY1MzhkMDVhYWY2NmY3OTcyZmIyMzk1OWQ4Y2FmYjlmOTVhLw== -Pdart-obfuscation=false -Ptrack-widget-creation=true -Ptree-shake-icons=false -Pfilesystem-scheme=org-dartlang-root assembleDebug

Host: AMD Ryzen 5 5500U with Radeon Graphics         , 12 cores, 5G,  Windows 11 , 64 bit Build 22621 (10.0.22621.3374)
Time: Tue Apr 30 16:39:36 2024 India Standard Time elapsed time: 12.322800 seconds (0d 0h 0m 12s)

---------------  T H R E A D  ---------------

Current thread (0x00000175ca218f80):  JavaThread "C2 CompilerThread1" daemon [_thread_in_native, id=14592, stack(0x0000001f67100000,0x0000001f67200000)]


Current CompileTask:
C2:  12322 1244   !   4       java.io.BufferedReader::readLine (327 bytes)

Stack: [0x0000001f67100000,0x0000001f67200000]
Native frames: (J=compiled Java code, j=interpreted, Vv=VM code, C=native code)
V  [jvm.dll+0x683c9a]
V  [jvm.dll+0x8427a4]
V  [jvm.dll+0x843f9e]
V  [jvm.dll+0x844603]
V  [jvm.dll+0x249b75]
V  [jvm.dll+0xabcac]
V  [jvm.dll+0xac27c]
V  [jvm.dll+0x368857]
V  [jvm.dll+0x332f31]
V  [jvm.dll+0x3323da]
V  [jvm.dll+0x21c201]
V  [jvm.dll+0x21b621]
V  [jvm.dll+0x1a4fdd]
V  [jvm.dll+0x22b098]
V  [jvm.dll+0x229159]
V  [jvm.dll+0x7f81ec]
V  [jvm.dll+0x7f274a]
V  [jvm.dll+0x682ad5]
C  [ucrtbase.dll+0x29333]
C  [KERNEL32.DLL+0x1257d]
C  [ntdll.dll+0x5aa48]


---------------  P R O C E S S  ---------------

Threads class SMR info:
_java_thread_list=0x00000175cb6d38f0, length=16, elements={
0x00000175ae6cdf00, 0x00000175c94ea4e0, 0x00000175c94eb350, 0x00000175ca01c550,
0x00000175ca01f2d0, 0x00000175ca0211f0, 0x00000175ca023bb0, 0x00000175ca036750,
0x00000175ca06b0e0, 0x00000175ca0836b0, 0x00000175ca193750, 0x00000175ca197c30,
0x00000175cb4c8770, 0x00000175cb667920, 0x00000175ca218f80, 0x00000175ca219490
}

Java Threads: ( => current thread )
  0x00000175ae6cdf00 JavaThread "main" [_thread_in_native, id=7388, stack(0x0000001f65600000,0x0000001f65700000)]
  0x00000175c94ea4e0 JavaThread "Reference Handler" daemon [_thread_blocked, id=12268, stack(0x0000001f65d00000,0x0000001f65e00000)]
  0x00000175c94eb350 JavaThread "Finalizer" daemon [_thread_blocked, id=22572, stack(0x0000001f65e00000,0x0000001f65f00000)]
  0x00000175ca01c550 JavaThread "Signal Dispatcher" daemon [_thread_blocked, id=30868, stack(0x0000001f65f00000,0x0000001f66000000)]
  0x00000175ca01f2d0 JavaThread "Attach Listener" daemon [_thread_blocked, id=31388, stack(0x0000001f66000000,0x0000001f66100000)]
  0x00000175ca0211f0 JavaThread "Service Thread" daemon [_thread_blocked, id=16260, stack(0x0000001f66100000,0x0000001f66200000)]
  0x00000175ca023bb0 JavaThread "Monitor Deflation Thread" daemon [_thread_blocked, id=8532, stack(0x0000001f66200000,0x0000001f66300000)]
  0x00000175ca036750 JavaThread "C2 CompilerThread0" daemon [_thread_blocked, id=13400, stack(0x0000001f66300000,0x0000001f66400000)]
  0x00000175ca06b0e0 JavaThread "C1 CompilerThread0" daemon [_thread_blocked, id=22192, stack(0x0000001f66400000,0x0000001f66500000)]
  0x00000175ca0836b0 JavaThread "Sweeper thread" daemon [_thread_blocked, id=14428, stack(0x0000001f66500000,0x0000001f66600000)]
  0x00000175ca193750 JavaThread "Notification Thread" daemon [_thread_blocked, id=21448, stack(0x0000001f66600000,0x0000001f66700000)]
  0x00000175ca197c30 JavaThread "Common-Cleaner" daemon [_thread_blocked, id=10264, stack(0x0000001f66800000,0x0000001f66900000)]
  0x00000175cb4c8770 JavaThread "pool-1-thread-1" [_thread_blocked, id=14856, stack(0x0000001f66900000,0x0000001f66a00000)]
  0x00000175cb667920 JavaThread "DisconnectableInputStream source reader" daemon [_thread_in_native, id=23892, stack(0x0000001f66f00000,0x0000001f67000000)]
=>0x00000175ca218f80 JavaThread "C2 CompilerThread1" daemon [_thread_in_native, id=14592, stack(0x0000001f67100000,0x0000001f67200000)]
  0x00000175ca219490 JavaThread "C2 CompilerThread2" daemon [_thread_blocked, id=14720, stack(0x0000001f67200000,0x0000001f67300000)]

Other Threads:
  0x00000175c9511a30 VMThread "VM Thread" [stack: 0x0000001f65c00000,0x0000001f65d00000] [id=14420]
  0x00000175ae7ae570 WatcherThread [stack: 0x0000001f66700000,0x0000001f66800000] [id=17680]
  0x00000175ae78cd10 GCTaskThread "GC Thread#0" [stack: 0x0000001f65700000,0x0000001f65800000] [id=29472]
  0x00000175ca4ff2e0 GCTaskThread "GC Thread#1" [stack: 0x0000001f66a00000,0x0000001f66b00000] [id=24116]
  0x00000175ca4230e0 GCTaskThread "GC Thread#2" [stack: 0x0000001f66b00000,0x0000001f66c00000] [id=1540]
  0x00000175ca4fcb40 GCTaskThread "GC Thread#3" [stack: 0x0000001f66c00000,0x0000001f66d00000] [id=17112]
  0x00000175cb4b2140 GCTaskThread "GC Thread#4" [stack: 0x0000001f66d00000,0x0000001f66e00000] [id=29728]
  0x00000175ae799790 ConcurrentGCThread "G1 Main Marker" [stack: 0x0000001f65800000,0x0000001f65900000] [id=13344]
  0x00000175ae79a940 ConcurrentGCThread "G1 Conc#0" [stack: 0x0000001f65900000,0x0000001f65a00000] [id=13360]
  0x00000175ae7f6a80 ConcurrentGCThread "G1 Refine#0" [stack: 0x0000001f65a00000,0x0000001f65b00000] [id=20044]
  0x00000175ae7f74a0 ConcurrentGCThread "G1 Service" [stack: 0x0000001f65b00000,0x0000001f65c00000] [id=21420]

Threads with active compile tasks:
C2 CompilerThread1    12347 1244   !   4       java.io.BufferedReader::readLine (327 bytes)

VM state: not at safepoint (normal execution)

VM Mutex/Monitor currently owned by a thread: None

Heap address: 0x00000000a2600000, size: 1498 MB, Compressed Oops mode: 32-bit

CDS archive(s) not mapped
Compressed class space mapped at: 0x0000000100000000-0x0000000140000000, reserved size: 1073741824
Narrow klass base: 0x0000000000000000, Narrow klass shift: 3, Narrow klass range: 0x140000000

GC Precious Log:
 CPUs: 12 total, 12 available
 Memory: 5989M
 Large Page Support: Disabled
 NUMA Support: Disabled
 Compressed Oops: Enabled (32-bit)
 Heap Region Size: 1M
 Heap Min Capacity: 8M
 Heap Initial Capacity: 94M
 Heap Max Capacity: 1498M
 Pre-touch: Disabled
 Parallel Workers: 10
 Concurrent Workers: 3
 Concurrent Refinement Workers: 10
 Periodic GC: Disabled

Heap:
 garbage-first heap   total 96256K, used 28657K [0x00000000a2600000, 0x0000000100000000)
  region size 1024K, 23 young (23552K), 3 survivors (3072K)
 Metaspace       used 16235K, committed 16448K, reserved 1064960K
  class space    used 1897K, committed 1984K, reserved 1048576K

Heap Regions: E=young(eden), S=young(survivor), O=old, HS=humongous(starts), HC=humongous(continues), CS=collection set, F=free, OA=open archive, CA=closed archive, TAMS=top-at-mark-start (previous, next)
|   0|0x00000000a2600000, 0x00000000a2700000, 0x00000000a2700000|100%|HS|  |TAMS 0x00000000a2600000, 0x00000000a2600000| Complete 
|   1|0x00000000a2700000, 0x00000000a2800000, 0x00000000a2800000|100%|HC|  |TAMS 0x00000000a2700000, 0x00000000a2700000| Complete 
|   2|0x00000000a2800000, 0x00000000a2900000, 0x00000000a2900000|100%|HC|  |TAMS 0x00000000a2800000, 0x00000000a2800000| Complete 
|   3|0x00000000a2900000, 0x00000000a2a00000, 0x00000000a2a00000|100%| O|  |TAMS 0x00000000a2900000, 0x00000000a2900000| Untracked 
|   4|0x00000000a2a00000, 0x00000000a2b00000, 0x00000000a2b00000|100%| O|  |TAMS 0x00000000a2a00000, 0x00000000a2a00000| Untracked 
|   5|0x00000000a2b00000, 0x00000000a2bfc600, 0x00000000a2c00000| 98%| O|  |TAMS 0x00000000a2b00000, 0x00000000a2b00000| Untracked 
|   6|0x00000000a2c00000, 0x00000000a2c00000, 0x00000000a2d00000|  0%| F|  |TAMS 0x00000000a2c00000, 0x00000000a2c00000| Untracked 
|   7|0x00000000a2d00000, 0x00000000a2d00000, 0x00000000a2e00000|  0%| F|  |TAMS 0x00000000a2d00000, 0x00000000a2d00000| Untracked 
|   8|0x00000000a2e00000, 0x00000000a2e00000, 0x00000000a2f00000|  0%| F|  |TAMS 0x00000000a2e00000, 0x00000000a2e00000| Untracked 
|   9|0x00000000a2f00000, 0x00000000a2f00000, 0x00000000a3000000|  0%| F|  |TAMS 0x00000000a2f00000, 0x00000000a2f00000| Untracked 
|  10|0x00000000a3000000, 0x00000000a3000000, 0x00000000a3100000|  0%| F|  |TAMS 0x00000000a3000000, 0x00000000a3000000| Untracked 
|  11|0x00000000a3100000, 0x00000000a3100000, 0x00000000a3200000|  0%| F|  |TAMS 0x00000000a3100000, 0x00000000a3100000| Untracked 
|  12|0x00000000a3200000, 0x00000000a3200000, 0x00000000a3300000|  0%| F|  |TAMS 0x00000000a3200000, 0x00000000a3200000| Untracked 
|  13|0x00000000a3300000, 0x00000000a3300000, 0x00000000a3400000|  0%| F|  |TAMS 0x00000000a3300000, 0x00000000a3300000| Untracked 
|  14|0x00000000a3400000, 0x00000000a3400000, 0x00000000a3500000|  0%| F|  |TAMS 0x00000000a3400000, 0x00000000a3400000| Untracked 
|  15|0x00000000a3500000, 0x00000000a3500000, 0x00000000a3600000|  0%| F|  |TAMS 0x00000000a3500000, 0x00000000a3500000| Untracked 
|  16|0x00000000a3600000, 0x00000000a3600000, 0x00000000a3700000|  0%| F|  |TAMS 0x00000000a3600000, 0x00000000a3600000| Untracked 
|  17|0x00000000a3700000, 0x00000000a3700000, 0x00000000a3800000|  0%| F|  |TAMS 0x00000000a3700000, 0x00000000a3700000| Untracked 
|  18|0x00000000a3800000, 0x00000000a3800000, 0x00000000a3900000|  0%| F|  |TAMS 0x00000000a3800000, 0x00000000a3800000| Untracked 
|  19|0x00000000a3900000, 0x00000000a3900000, 0x00000000a3a00000|  0%| F|  |TAMS 0x00000000a3900000, 0x00000000a3900000| Untracked 
|  20|0x00000000a3a00000, 0x00000000a3a00000, 0x00000000a3b00000|  0%| F|  |TAMS 0x00000000a3a00000, 0x00000000a3a00000| Untracked 
|  21|0x00000000a3b00000, 0x00000000a3b00000, 0x00000000a3c00000|  0%| F|  |TAMS 0x00000000a3b00000, 0x00000000a3b00000| Untracked 
|  22|0x00000000a3c00000, 0x00000000a3c00000, 0x00000000a3d00000|  0%| F|  |TAMS 0x00000000a3c00000, 0x00000000a3c00000| Untracked 
|  23|0x00000000a3d00000, 0x00000000a3d00000, 0x00000000a3e00000|  0%| F|  |TAMS 0x00000000a3d00000, 0x00000000a3d00000| Untracked 
|  24|0x00000000a3e00000, 0x00000000a3e00000, 0x00000000a3f00000|  0%| F|  |TAMS 0x00000000a3e00000, 0x00000000a3e00000| Untracked 
|  25|0x00000000a3f00000, 0x00000000a3f00000, 0x00000000a4000000|  0%| F|  |TAMS 0x00000000a3f00000, 0x00000000a3f00000| Untracked 
|  26|0x00000000a4000000, 0x00000000a4000000, 0x00000000a4100000|  0%| F|  |TAMS 0x00000000a4000000, 0x00000000a4000000| Untracked 
|  27|0x00000000a4100000, 0x00000000a4100000, 0x00000000a4200000|  0%| F|  |TAMS 0x00000000a4100000, 0x00000000a4100000| Untracked 
|  28|0x00000000a4200000, 0x00000000a4200000, 0x00000000a4300000|  0%| F|  |TAMS 0x00000000a4200000, 0x00000000a4200000| Untracked 
|  29|0x00000000a4300000, 0x00000000a4300000, 0x00000000a4400000|  0%| F|  |TAMS 0x00000000a4300000, 0x00000000a4300000| Untracked 
|  30|0x00000000a4400000, 0x00000000a4400000, 0x00000000a4500000|  0%| F|  |TAMS 0x00000000a4400000, 0x00000000a4400000| Untracked 
|  31|0x00000000a4500000, 0x00000000a4500000, 0x00000000a4600000|  0%| F|  |TAMS 0x00000000a4500000, 0x00000000a4500000| Untracked 
|  32|0x00000000a4600000, 0x00000000a4600000, 0x00000000a4700000|  0%| F|  |TAMS 0x00000000a4600000, 0x00000000a4600000| Untracked 
|  33|0x00000000a4700000, 0x00000000a4700000, 0x00000000a4800000|  0%| F|  |TAMS 0x00000000a4700000, 0x00000000a4700000| Untracked 
|  34|0x00000000a4800000, 0x00000000a4800000, 0x00000000a4900000|  0%| F|  |TAMS 0x00000000a4800000, 0x00000000a4800000| Untracked 
|  35|0x00000000a4900000, 0x00000000a4900000, 0x00000000a4a00000|  0%| F|  |TAMS 0x00000000a4900000, 0x00000000a4900000| Untracked 
|  36|0x00000000a4a00000, 0x00000000a4a00000, 0x00000000a4b00000|  0%| F|  |TAMS 0x00000000a4a00000, 0x00000000a4a00000| Untracked 
|  37|0x00000000a4b00000, 0x00000000a4b00000, 0x00000000a4c00000|  0%| F|  |TAMS 0x00000000a4b00000, 0x00000000a4b00000| Untracked 
|  38|0x00000000a4c00000, 0x00000000a4c00000, 0x00000000a4d00000|  0%| F|  |TAMS 0x00000000a4c00000, 0x00000000a4c00000| Untracked 
|  39|0x00000000a4d00000, 0x00000000a4d00000, 0x00000000a4e00000|  0%| F|  |TAMS 0x00000000a4d00000, 0x00000000a4d00000| Untracked 
|  40|0x00000000a4e00000, 0x00000000a4e00000, 0x00000000a4f00000|  0%| F|  |TAMS 0x00000000a4e00000, 0x00000000a4e00000| Untracked 
|  41|0x00000000a4f00000, 0x00000000a4f00000, 0x00000000a5000000|  0%| F|  |TAMS 0x00000000a4f00000, 0x00000000a4f00000| Untracked 
|  42|0x00000000a5000000, 0x00000000a5000000, 0x00000000a5100000|  0%| F|  |TAMS 0x00000000a5000000, 0x00000000a5000000| Untracked 
|  43|0x00000000a5100000, 0x00000000a5100000, 0x00000000a5200000|  0%| F|  |TAMS 0x00000000a5100000, 0x00000000a5100000| Untracked 
|  44|0x00000000a5200000, 0x00000000a5200000, 0x00000000a5300000|  0%| F|  |TAMS 0x00000000a5200000, 0x00000000a5200000| Untracked 
|  45|0x00000000a5300000, 0x00000000a5300000, 0x00000000a5400000|  0%| F|  |TAMS 0x00000000a5300000, 0x00000000a5300000| Untracked 
|  46|0x00000000a5400000, 0x00000000a5400000, 0x00000000a5500000|  0%| F|  |TAMS 0x00000000a5400000, 0x00000000a5400000| Untracked 
|  47|0x00000000a5500000, 0x00000000a5500000, 0x00000000a5600000|  0%| F|  |TAMS 0x00000000a5500000, 0x00000000a5500000| Untracked 
|  48|0x00000000a5600000, 0x00000000a5600000, 0x00000000a5700000|  0%| F|  |TAMS 0x00000000a5600000, 0x00000000a5600000| Untracked 
|  49|0x00000000a5700000, 0x00000000a5700000, 0x00000000a5800000|  0%| F|  |TAMS 0x00000000a5700000, 0x00000000a5700000| Untracked 
|  50|0x00000000a5800000, 0x00000000a5800000, 0x00000000a5900000|  0%| F|  |TAMS 0x00000000a5800000, 0x00000000a5800000| Untracked 
|  51|0x00000000a5900000, 0x00000000a5900000, 0x00000000a5a00000|  0%| F|  |TAMS 0x00000000a5900000, 0x00000000a5900000| Untracked 
|  52|0x00000000a5a00000, 0x00000000a5a00000, 0x00000000a5b00000|  0%| F|  |TAMS 0x00000000a5a00000, 0x00000000a5a00000| Untracked 
|  53|0x00000000a5b00000, 0x00000000a5b00000, 0x00000000a5c00000|  0%| F|  |TAMS 0x00000000a5b00000, 0x00000000a5b00000| Untracked 
|  54|0x00000000a5c00000, 0x00000000a5c00000, 0x00000000a5d00000|  0%| F|  |TAMS 0x00000000a5c00000, 0x00000000a5c00000| Untracked 
|  55|0x00000000a5d00000, 0x00000000a5d00000, 0x00000000a5e00000|  0%| F|  |TAMS 0x00000000a5d00000, 0x00000000a5d00000| Untracked 
|  56|0x00000000a5e00000, 0x00000000a5e00000, 0x00000000a5f00000|  0%| F|  |TAMS 0x00000000a5e00000, 0x00000000a5e00000| Untracked 
|  57|0x00000000a5f00000, 0x00000000a5f00000, 0x00000000a6000000|  0%| F|  |TAMS 0x00000000a5f00000, 0x00000000a5f00000| Untracked 
|  58|0x00000000a6000000, 0x00000000a6000000, 0x00000000a6100000|  0%| F|  |TAMS 0x00000000a6000000, 0x00000000a6000000| Untracked 
|  59|0x00000000a6100000, 0x00000000a6100000, 0x00000000a6200000|  0%| F|  |TAMS 0x00000000a6100000, 0x00000000a6100000| Untracked 
|  60|0x00000000a6200000, 0x00000000a6200000, 0x00000000a6300000|  0%| F|  |TAMS 0x00000000a6200000, 0x00000000a6200000| Untracked 
|  61|0x00000000a6300000, 0x00000000a6300000, 0x00000000a6400000|  0%| F|  |TAMS 0x00000000a6300000, 0x00000000a6300000| Untracked 
|  62|0x00000000a6400000, 0x00000000a6400000, 0x00000000a6500000|  0%| F|  |TAMS 0x00000000a6400000, 0x00000000a6400000| Untracked 
|  63|0x00000000a6500000, 0x00000000a6500000, 0x00000000a6600000|  0%| F|  |TAMS 0x00000000a6500000, 0x00000000a6500000| Untracked 
|  64|0x00000000a6600000, 0x00000000a6600000, 0x00000000a6700000|  0%| F|  |TAMS 0x00000000a6600000, 0x00000000a6600000| Untracked 
|  65|0x00000000a6700000, 0x00000000a6700000, 0x00000000a6800000|  0%| F|  |TAMS 0x00000000a6700000, 0x00000000a6700000| Untracked 
|  66|0x00000000a6800000, 0x00000000a6800000, 0x00000000a6900000|  0%| F|  |TAMS 0x00000000a6800000, 0x00000000a6800000| Untracked 
|  67|0x00000000a6900000, 0x00000000a6900000, 0x00000000a6a00000|  0%| F|  |TAMS 0x00000000a6900000, 0x00000000a6900000| Untracked 
|  68|0x00000000a6a00000, 0x00000000a6b00000, 0x00000000a6b00000|100%| S|CS|TAMS 0x00000000a6a00000, 0x00000000a6a00000| Complete 
|  69|0x00000000a6b00000, 0x00000000a6c00000, 0x00000000a6c00000|100%| S|CS|TAMS 0x00000000a6b00000, 0x00000000a6b00000| Complete 
|  70|0x00000000a6c00000, 0x00000000a6d00000, 0x00000000a6d00000|100%| S|CS|TAMS 0x00000000a6c00000, 0x00000000a6c00000| Complete 
|  71|0x00000000a6d00000, 0x00000000a6d00000, 0x00000000a6e00000|  0%| F|  |TAMS 0x00000000a6d00000, 0x00000000a6d00000| Untracked 
|  72|0x00000000a6e00000, 0x00000000a6e00000, 0x00000000a6f00000|  0%| F|  |TAMS 0x00000000a6e00000, 0x00000000a6e00000| Untracked 
|  73|0x00000000a6f00000, 0x00000000a6f00000, 0x00000000a7000000|  0%| F|  |TAMS 0x00000000a6f00000, 0x00000000a6f00000| Untracked 
|  74|0x00000000a7000000, 0x00000000a7080800, 0x00000000a7100000| 50%| E|  |TAMS 0x00000000a7000000, 0x00000000a7000000| Complete 
|  75|0x00000000a7100000, 0x00000000a7200000, 0x00000000a7200000|100%| E|CS|TAMS 0x00000000a7100000, 0x00000000a7100000| Complete 
|  76|0x00000000a7200000, 0x00000000a7300000, 0x00000000a7300000|100%| E|CS|TAMS 0x00000000a7200000, 0x00000000a7200000| Complete 
|  77|0x00000000a7300000, 0x00000000a7400000, 0x00000000a7400000|100%| E|CS|TAMS 0x00000000a7300000, 0x00000000a7300000| Complete 
|  78|0x00000000a7400000, 0x00000000a7500000, 0x00000000a7500000|100%| E|CS|TAMS 0x00000000a7400000, 0x00000000a7400000| Complete 
|  79|0x00000000a7500000, 0x00000000a7600000, 0x00000000a7600000|100%| E|CS|TAMS 0x00000000a7500000, 0x00000000a7500000| Complete 
|  80|0x00000000a7600000, 0x00000000a7700000, 0x00000000a7700000|100%| E|CS|TAMS 0x00000000a7600000, 0x00000000a7600000| Complete 
|  81|0x00000000a7700000, 0x00000000a7800000, 0x00000000a7800000|100%| E|CS|TAMS 0x00000000a7700000, 0x00000000a7700000| Complete 
|  82|0x00000000a7800000, 0x00000000a7900000, 0x00000000a7900000|100%| E|CS|TAMS 0x00000000a7800000, 0x00000000a7800000| Complete 
|  83|0x00000000a7900000, 0x00000000a7a00000, 0x00000000a7a00000|100%| E|CS|TAMS 0x00000000a7900000, 0x00000000a7900000| Complete 
|  84|0x00000000a7a00000, 0x00000000a7b00000, 0x00000000a7b00000|100%| E|CS|TAMS 0x00000000a7a00000, 0x00000000a7a00000| Complete 
|  85|0x00000000a7b00000, 0x00000000a7c00000, 0x00000000a7c00000|100%| E|CS|TAMS 0x00000000a7b00000, 0x00000000a7b00000| Complete 
|  86|0x00000000a7c00000, 0x00000000a7d00000, 0x00000000a7d00000|100%| E|CS|TAMS 0x00000000a7c00000, 0x00000000a7c00000| Complete 
|  87|0x00000000a7d00000, 0x00000000a7e00000, 0x00000000a7e00000|100%| E|CS|TAMS 0x00000000a7d00000, 0x00000000a7d00000| Complete 
|  88|0x00000000a7e00000, 0x00000000a7f00000, 0x00000000a7f00000|100%| E|CS|TAMS 0x00000000a7e00000, 0x00000000a7e00000| Complete 
|  89|0x00000000a7f00000, 0x00000000a8000000, 0x00000000a8000000|100%| E|CS|TAMS 0x00000000a7f00000, 0x00000000a7f00000| Complete 
|  90|0x00000000a8000000, 0x00000000a8100000, 0x00000000a8100000|100%| E|CS|TAMS 0x00000000a8000000, 0x00000000a8000000| Complete 
|  91|0x00000000a8100000, 0x00000000a8200000, 0x00000000a8200000|100%| E|CS|TAMS 0x00000000a8100000, 0x00000000a8100000| Complete 
|  92|0x00000000a8200000, 0x00000000a8300000, 0x00000000a8300000|100%| E|CS|TAMS 0x00000000a8200000, 0x00000000a8200000| Complete 
|  93|0x00000000a8300000, 0x00000000a8400000, 0x00000000a8400000|100%| E|CS|TAMS 0x00000000a8300000, 0x00000000a8300000| Complete 

Card table byte_map: [0x00000175c3350000,0x00000175c3640000] _byte_map_base: 0x00000175c2e3d000

Marking Bits (Prev, Next): (CMBitMap*) 0x00000175ae78d320, (CMBitMap*) 0x00000175ae78d360
 Prev Bits: [0x00000175c3930000, 0x00000175c5098000)
 Next Bits: [0x00000175c50a0000, 0x00000175c6808000)

Polling page: 0x00000175b33b0000

Metaspace:

Usage:
  Non-class:     14.00 MB used.
      Class:      1.85 MB used.
       Both:     15.86 MB used.

Virtual space:
  Non-class space:       16.00 MB reserved,      14.12 MB ( 88%) committed,  2 nodes.
      Class space:        1.00 GB reserved,       1.94 MB ( <1%) committed,  1 nodes.
             Both:        1.02 GB reserved,      16.06 MB (  2%) committed. 

Chunk freelists:
   Non-Class:  998.00 KB
       Class:  2.04 MB
        Both:  3.01 MB

MaxMetaspaceSize: unlimited
CompressedClassSpaceSize: 1.00 GB
Initial GC threshold: 21.00 MB
Current GC threshold: 21.00 MB
CDS: off
MetaspaceReclaimPolicy: balanced
 - commit_granule_bytes: 65536.
 - commit_granule_words: 8192.
 - virtual_space_node_default_size: 1048576.
 - enlarge_chunks_in_place: 1.
 - new_chunks_are_fully_committed: 0.
 - uncommit_free_chunks: 1.
 - use_allocation_guard: 0.
 - handle_deallocations: 1.


Internal statistics:

num_allocs_failed_limit: 0.
num_arena_births: 78.
num_arena_deaths: 0.
num_vsnodes_births: 3.
num_vsnodes_deaths: 0.
num_space_committed: 257.
num_space_uncommitted: 0.
num_chunks_returned_to_freelist: 0.
num_chunks_taken_from_freelist: 302.
num_chunk_merges: 0.
num_chunk_splits: 199.
num_chunks_enlarged: 166.
num_purges: 0.
num_inconsistent_stats: 0.

CodeHeap 'non-profiled nmethods': size=120000Kb used=483Kb max_used=483Kb free=119516Kb
 bounds [0x00000175baea0000, 0x00000175bb110000, 0x00000175c23d0000]
CodeHeap 'profiled nmethods': size=120000Kb used=2309Kb max_used=2309Kb free=117690Kb
 bounds [0x00000175b33d0000, 0x00000175b3640000, 0x00000175ba900000]
CodeHeap 'non-nmethods': size=5760Kb used=1164Kb max_used=1184Kb free=4595Kb
 bounds [0x00000175ba900000, 0x00000175bab70000, 0x00000175baea0000]
 total_blobs=1737 nmethods=1277 adapters=373
 compilation: enabled
              stopped_count=0, restarted_count=0
 full_count=0

Compilation events (20 events):
Event: 12.284 Thread 0x00000175ca218f80 1220       4       java.lang.String::toString (2 bytes)
Event: 12.284 Thread 0x00000175ca219490 nmethod 1234 0x00000175baf14f90 code [0x00000175baf15120, 0x00000175baf153f8]
Event: 12.284 Thread 0x00000175ca218f80 nmethod 1220 0x00000175baf15510 code [0x00000175baf15680, 0x00000175baf156f8]
Event: 12.289 Thread 0x00000175ca036750 nmethod 1194% 0x00000175baf15810 code [0x00000175baf15a20, 0x00000175baf16d20]
Event: 12.289 Thread 0x00000175ca218f80 1244   !   4       java.io.BufferedReader::readLine (327 bytes)
Event: 12.291 Thread 0x00000175ca06b0e0 1245       3       java.io.InputStreamReader::read (11 bytes)
Event: 12.291 Thread 0x00000175ca219490 1251 %     4       java.lang.AbstractStringBuilder::appendChars @ 26 (130 bytes)
Event: 12.291 Thread 0x00000175ca06b0e0 nmethod 1245 0x00000175b3601c10 code [0x00000175b3601dc0, 0x00000175b3601f28]
Event: 12.291 Thread 0x00000175ca06b0e0 1248       3       sun.nio.cs.StreamDecoder::implRead (243 bytes)
Event: 12.292 Thread 0x00000175ca06b0e0 nmethod 1248 0x00000175b3602010 code [0x00000175b36022c0, 0x00000175b36030f8]
Event: 12.292 Thread 0x00000175ca06b0e0 1246   !   3       sun.nio.cs.StreamDecoder::read (196 bytes)
Event: 12.293 Thread 0x00000175ca06b0e0 nmethod 1246 0x00000175b3603590 code [0x00000175b3603800, 0x00000175b36043e8]
Event: 12.293 Thread 0x00000175ca06b0e0 1247       3       sun.nio.cs.StreamDecoder::ensureOpen (18 bytes)
Event: 12.293 Thread 0x00000175ca06b0e0 nmethod 1247 0x00000175b3604910 code [0x00000175b3604ac0, 0x00000175b3604cc8]
Event: 12.293 Thread 0x00000175ca06b0e0 1249   !   3       sun.nio.cs.StreamDecoder::readBytes (271 bytes)
Event: 12.294 Thread 0x00000175ca06b0e0 nmethod 1249 0x00000175b3604d90 code [0x00000175b36050a0, 0x00000175b3606088]
Event: 12.294 Thread 0x00000175ca06b0e0 1250       3       java.nio.HeapByteBuffer::compact (85 bytes)
Event: 12.294 Thread 0x00000175ca06b0e0 nmethod 1250 0x00000175b3606910 code [0x00000175b3606b00, 0x00000175b3607128]
Event: 12.296 Thread 0x00000175ca219490 nmethod 1251% 0x00000175baf17590 code [0x00000175baf17720, 0x00000175baf17b98]
Event: 12.302 Thread 0x00000175ca219490 1252       4       java.lang.AbstractStringBuilder::appendChars (130 bytes)

GC Heap History (2 events):
Event: 1.266 GC heap before
{Heap before GC invocations=0 (full 0):
 garbage-first heap   total 96256K, used 25600K [0x00000000a2600000, 0x0000000100000000)
  region size 1024K, 23 young (23552K), 0 survivors (0K)
 Metaspace       used 11528K, committed 11648K, reserved 1064960K
  class space    used 1232K, committed 1280K, reserved 1048576K
}
Event: 1.272 GC heap after
{Heap after GC invocations=1 (full 0):
 garbage-first heap   total 96256K, used 9201K [0x00000000a2600000, 0x0000000100000000)
  region size 1024K, 3 young (3072K), 3 survivors (3072K)
 Metaspace       used 11528K, committed 11648K, reserved 1064960K
  class space    used 1232K, committed 1280K, reserved 1048576K
}

Dll operation events (2 events):
Event: 0.008 Loaded shared library C:\Program Files\Android\Android Studio\jbr\bin\java.dll
Event: 0.210 Loaded shared library C:\Program Files\Android\Android Studio\jbr\bin\verify.dll

Deoptimization events (20 events):
Event: 12.303 Thread 0x00000175ae6cdf00 DEOPT PACKING pc=0x00000175b34938df sp=0x0000001f656fcba0
Event: 12.303 Thread 0x00000175ae6cdf00 DEOPT UNPACKING pc=0x00000175ba957143 sp=0x0000001f656fc088 mode 0
Event: 12.303 Thread 0x00000175ae6cdf00 DEOPT PACKING pc=0x00000175b34938df sp=0x0000001f656fcba0
Event: 12.303 Thread 0x00000175ae6cdf00 DEOPT UNPACKING pc=0x00000175ba957143 sp=0x0000001f656fc088 mode 0
Event: 12.303 Thread 0x00000175ae6cdf00 DEOPT PACKING pc=0x00000175b34938df sp=0x0000001f656fcba0
Event: 12.303 Thread 0x00000175ae6cdf00 DEOPT UNPACKING pc=0x00000175ba957143 sp=0x0000001f656fc088 mode 0
Event: 12.303 Thread 0x00000175ae6cdf00 DEOPT PACKING pc=0x00000175b34938df sp=0x0000001f656fcba0
Event: 12.303 Thread 0x00000175ae6cdf00 DEOPT UNPACKING pc=0x00000175ba957143 sp=0x0000001f656fc088 mode 0
Event: 12.303 Thread 0x00000175ae6cdf00 DEOPT PACKING pc=0x00000175b34938df sp=0x0000001f656fcba0
Event: 12.303 Thread 0x00000175ae6cdf00 DEOPT UNPACKING pc=0x00000175ba957143 sp=0x0000001f656fc088 mode 0
Event: 12.303 Thread 0x00000175ae6cdf00 DEOPT PACKING pc=0x00000175b34938df sp=0x0000001f656fcba0
Event: 12.303 Thread 0x00000175ae6cdf00 DEOPT UNPACKING pc=0x00000175ba957143 sp=0x0000001f656fc088 mode 0
Event: 12.304 Thread 0x00000175ae6cdf00 DEOPT PACKING pc=0x00000175b34938df sp=0x0000001f656fcba0
Event: 12.304 Thread 0x00000175ae6cdf00 DEOPT UNPACKING pc=0x00000175ba957143 sp=0x0000001f656fc088 mode 0
Event: 12.304 Thread 0x00000175ae6cdf00 DEOPT PACKING pc=0x00000175b34938df sp=0x0000001f656fcba0
Event: 12.304 Thread 0x00000175ae6cdf00 DEOPT UNPACKING pc=0x00000175ba957143 sp=0x0000001f656fc088 mode 0
Event: 12.304 Thread 0x00000175ae6cdf00 DEOPT PACKING pc=0x00000175b34938df sp=0x0000001f656fcba0
Event: 12.304 Thread 0x00000175ae6cdf00 DEOPT UNPACKING pc=0x00000175ba957143 sp=0x0000001f656fc088 mode 0
Event: 12.304 Thread 0x00000175ae6cdf00 DEOPT PACKING pc=0x00000175b34938df sp=0x0000001f656fcba0
Event: 12.304 Thread 0x00000175ae6cdf00 DEOPT UNPACKING pc=0x00000175ba957143 sp=0x0000001f656fc088 mode 0

Classes unloaded (0 events):
No events

Classes redefined (0 events):
No events

Internal exceptions (19 events):
Event: 0.382 Thread 0x00000175ae6cdf00 Exception <a 'java/lang/NoSuchMethodError'{0x00000000a802ed90}: 'int java.lang.invoke.DirectMethodHandle$Holder.invokeStaticInit(java.lang.Object, java.lang.Object)'> (0x00000000a802ed90) 
thrown [s\src\hotspot\share\interpreter\linkResolver.cpp, line 771]
Event: 1.161 Thread 0x00000175ae6cdf00 Exception <a 'java/lang/NoSuchMethodError'{0x00000000a6f51570}: 'void java.lang.invoke.DirectMethodHandle$Holder.invokeStatic(java.lang.Object, java.lang.Object)'> (0x00000000a6f51570) 
thrown [s\src\hotspot\share\interpreter\linkResolver.cpp, line 771]
Event: 1.186 Thread 0x00000175ae6cdf00 Exception <a 'java/lang/NoClassDefFoundError'{0x00000000a6fd9c60}: org/slf4j/impl/StaticMarkerBinder> (0x00000000a6fd9c60) 
thrown [s\src\hotspot\share\classfile\systemDictionary.cpp, line 245]
Event: 1.205 Thread 0x00000175ae6cdf00 Exception <a 'java/lang/NoSuchMethodError'{0x00000000a6e759a0}: 'java.lang.Object java.lang.invoke.DirectMethodHandle$Holder.invokeVirtual(java.lang.Object, java.lang.Object, java.lang.Object, java.lang.Object, java.lang.Object, java.lang.Object, java.lang.Object)'> (0x00000000a6e759a0) 
thrown [s\src\hotspot\share\interpreter\linkResolver.cpp, line 771]
Event: 1.208 Thread 0x00000175ae6cdf00 Exception <a 'java/lang/NoSuchMethodError'{0x00000000a6e877e8}: 'java.lang.Object java.lang.invoke.Invokers$Holder.invoker(java.lang.Object, java.lang.Object, java.lang.Object)'> (0x00000000a6e877e8) 
thrown [s\src\hotspot\share\interpreter\linkResolver.cpp, line 771]
Event: 1.211 Thread 0x00000175ae6cdf00 Exception <a 'java/lang/NoSuchMethodError'{0x00000000a6e90890}: 'java.lang.Object java.lang.invoke.DirectMethodHandle$Holder.invokeStatic(java.lang.Object, java.lang.Object, int)'> (0x00000000a6e90890) 
thrown [s\src\hotspot\share\interpreter\linkResolver.cpp, line 771]
Event: 1.213 Thread 0x00000175ae6cdf00 Exception <a 'java/lang/NoSuchMethodError'{0x00000000a6e9c580}: 'void java.lang.invoke.DelegatingMethodHandle$Holder.delegate(java.lang.Object, java.lang.Object, int, java.lang.Object)'> (0x00000000a6e9c580) 
thrown [s\src\hotspot\share\interpreter\linkResolver.cpp, line 771]
Event: 1.214 Thread 0x00000175ae6cdf00 Exception <a 'java/lang/NoSuchMethodError'{0x00000000a6ea06c8}: 'int java.lang.invoke.DirectMethodHandle$Holder.invokeSpecial(java.lang.Object, java.lang.Object, java.lang.Object)'> (0x00000000a6ea06c8) 
thrown [s\src\hotspot\share\interpreter\linkResolver.cpp, line 771]
Event: 1.217 Thread 0x00000175ae6cdf00 Exception <a 'java/lang/NoSuchMethodError'{0x00000000a6eb38e8}: 'java.lang.Object java.lang.invoke.Invokers$Holder.invokeExact_MT(java.lang.Object, java.lang.Object, java.lang.Object, java.lang.Object)'> (0x00000000a6eb38e8) 
thrown [s\src\hotspot\share\interpreter\linkResolver.cpp, line 771]
Event: 1.356 Thread 0x00000175ae6cdf00 Exception <a 'java/lang/NoSuchMethodError'{0x00000000a8096098}: 'void java.lang.invoke.DirectMethodHandle$Holder.invokeSpecial(java.lang.Object, java.lang.Object, java.lang.Object)'> (0x00000000a8096098) 
thrown [s\src\hotspot\share\interpreter\linkResolver.cpp, line 771]
Event: 1.372 Thread 0x00000175ae6cdf00 Implicit null exception at 0x00000175baee598c to 0x00000175baee5ed0
Event: 1.372 Thread 0x00000175ae6cdf00 Implicit null exception at 0x00000175baedb18f to 0x00000175baedb6d4
Event: 1.405 Thread 0x00000175ae6cdf00 Exception <a 'java/lang/NoSuchMethodError'{0x00000000a7e35020}: 'java.lang.Object java.lang.invoke.DirectMethodHandle$Holder.invokeStaticInit(java.lang.Object)'> (0x00000000a7e35020) 
thrown [s\src\hotspot\share\interpreter\linkResolver.cpp, line 771]
Event: 1.551 Thread 0x00000175ae6cdf00 Exception <a 'java/lang/NoSuchMethodError'{0x00000000a7a3c0e8}: 'java.lang.Object java.lang.invoke.DirectMethodHandle$Holder.invokeStaticInit(java.lang.Object, int, int, int, int)'> (0x00000000a7a3c0e8) 
thrown [s\src\hotspot\share\interpreter\linkResolver.cpp, line 771]
Event: 1.653 Thread 0x00000175ae6cdf00 Exception <a 'java/lang/NoSuchMethodError'{0x00000000a7abc8f8}: 'java.lang.Object java.lang.invoke.DirectMethodHandle$Holder.invokeStaticInit(java.lang.Object, java.lang.Object, int, int, int, int)'> (0x00000000a7abc8f8) 
thrown [s\src\hotspot\share\interpreter\linkResolver.cpp, line 771]
Event: 1.754 Thread 0x00000175ae6cdf00 Exception <a 'java/lang/NoSuchMethodError'{0x00000000a7ae92a8}: 'void java.lang.invoke.DirectMethodHandle$Holder.invokeStatic(java.lang.Object, java.lang.Object, java.lang.Object)'> (0x00000000a7ae92a8) 
thrown [s\src\hotspot\share\interpreter\linkResolver.cpp, line 771]
Event: 1.771 Thread 0x00000175ae6cdf00 Implicit null exception at 0x00000175baed1cf2 to 0x00000175baed22c0
Event: 1.771 Thread 0x00000175ae6cdf00 Implicit null exception at 0x00000175baedf772 to 0x00000175baedfd50
Event: 12.254 Thread 0x00000175ae6cdf00 Exception <a 'sun/net/ConnectionResetException'{0x00000000a77b46b8}: Connection reset> (0x00000000a77b46b8) 
thrown [s\src\hotspot\share\prims\jni.cpp, line 536]

VM Operations (18 events):
Event: 0.193 Executing VM operation: HandshakeAllThreads
Event: 0.194 Executing VM operation: HandshakeAllThreads done
Event: 1.037 Executing VM operation: HandshakeAllThreads
Event: 1.037 Executing VM operation: HandshakeAllThreads done
Event: 1.037 Executing VM operation: Cleanup
Event: 1.037 Executing VM operation: Cleanup done
Event: 1.210 Executing VM operation: HandshakeAllThreads
Event: 1.210 Executing VM operation: HandshakeAllThreads done
Event: 1.265 Executing VM operation: G1CollectForAllocation
Event: 1.272 Executing VM operation: G1CollectForAllocation done
Event: 1.504 Executing VM operation: HandshakeAllThreads
Event: 1.504 Executing VM operation: HandshakeAllThreads done
Event: 1.601 Executing VM operation: HandshakeAllThreads
Event: 1.601 Executing VM operation: HandshakeAllThreads done
Event: 2.610 Executing VM operation: Cleanup
Event: 2.610 Executing VM operation: Cleanup done
Event: 6.658 Executing VM operation: Cleanup
Event: 6.658 Executing VM operation: Cleanup done

Events (20 events):
Event: 5.012 loading class jdk/internal/reflect/ByteVector done
Event: 5.012 loading class jdk/internal/reflect/ByteVectorImpl done
Event: 5.012 loading class jdk/internal/reflect/ClassFileAssembler
Event: 5.012 loading class jdk/internal/reflect/ClassFileAssembler done
Event: 5.012 loading class jdk/internal/reflect/UTF8
Event: 5.012 loading class jdk/internal/reflect/UTF8 done
Event: 5.013 loading class jdk/internal/reflect/Label
Event: 5.013 loading class jdk/internal/reflect/Label done
Event: 5.013 loading class jdk/internal/reflect/Label$PatchInfo
Event: 5.013 loading class jdk/internal/reflect/Label$PatchInfo done
Event: 5.013 loading class jdk/internal/reflect/MethodAccessorGenerator$1
Event: 5.013 loading class jdk/internal/reflect/MethodAccessorGenerator$1 done
Event: 5.013 loading class jdk/internal/reflect/ClassDefiner
Event: 5.014 loading class jdk/internal/reflect/ClassDefiner done
Event: 5.014 loading class jdk/internal/reflect/ClassDefiner$1
Event: 5.014 loading class jdk/internal/reflect/ClassDefiner$1 done
Event: 12.253 loading class sun/net/ConnectionResetException
Event: 12.254 loading class sun/net/ConnectionResetException done
Event: 12.275 Thread 0x00000175ca218f80 Thread added: 0x00000175ca218f80
Event: 12.276 Thread 0x00000175ca219490 Thread added: 0x00000175ca219490


Dynamic libraries:
0x00007ff7a2220000 - 0x00007ff7a222a000 	C:\Program Files\Android\Android Studio\jbr\bin\java.exe
0x00007ffdc41f0000 - 0x00007ffdc4406000 	C:\Windows\SYSTEM32\ntdll.dll
0x00007ffdc32b0000 - 0x00007ffdc3374000 	C:\Windows\System32\KERNEL32.DLL
0x00007ffdc19b0000 - 0x00007ffdc1d57000 	C:\Windows\System32\KERNELBASE.dll
0x00007ffdc1e00000 - 0x00007ffdc1f11000 	C:\Windows\System32\ucrtbase.dll
0x00007ffdaba60000 - 0x00007ffdaba7b000 	C:\Program Files\Android\Android Studio\jbr\bin\VCRUNTIME140.dll
0x00007ffdad9d0000 - 0x00007ffdad9e7000 	C:\Program Files\Android\Android Studio\jbr\bin\jli.dll
0x00007ffdc3ef0000 - 0x00007ffdc409e000 	C:\Windows\System32\USER32.dll
0x00007ffdc1980000 - 0x00007ffdc19a6000 	C:\Windows\System32\win32u.dll
0x00007ffdc2df0000 - 0x00007ffdc2e19000 	C:\Windows\System32\GDI32.dll
0x00007ffdac220000 - 0x00007ffdac4b3000 	C:\Windows\WinSxS\amd64_microsoft.windows.common-controls_6595b64144ccf1df_6.0.22621.3235_none_270f74e173860f98\COMCTL32.dll
0x00007ffdc16b0000 - 0x00007ffdc17c9000 	C:\Windows\System32\gdi32full.dll
0x00007ffdc4100000 - 0x00007ffdc41a7000 	C:\Windows\System32\msvcrt.dll
0x00007ffdc1d60000 - 0x00007ffdc1dfa000 	C:\Windows\System32\msvcp_win.dll
0x00007ffdc20c0000 - 0x00007ffdc20f1000 	C:\Windows\System32\IMM32.DLL
0x00007ffdb8270000 - 0x00007ffdb827c000 	C:\Program Files\Android\Android Studio\jbr\bin\vcruntime140_1.dll
0x00007ffd7b7e0000 - 0x00007ffd7b86d000 	C:\Program Files\Android\Android Studio\jbr\bin\msvcp140.dll
0x00007ffd44f00000 - 0x00007ffd45b6e000 	C:\Program Files\Android\Android Studio\jbr\bin\server\jvm.dll
0x00007ffdc2100000 - 0x00007ffdc21b2000 	C:\Windows\System32\ADVAPI32.dll
0x00007ffdc35e0000 - 0x00007ffdc3688000 	C:\Windows\System32\sechost.dll
0x00007ffdc1510000 - 0x00007ffdc1538000 	C:\Windows\System32\bcrypt.dll
0x00007ffdc3710000 - 0x00007ffdc3825000 	C:\Windows\System32\RPCRT4.dll
0x00007ffd6e4b0000 - 0x00007ffd6e4b9000 	C:\Windows\SYSTEM32\WSOCK32.dll
0x00007ffdb77a0000 - 0x00007ffdb77aa000 	C:\Windows\SYSTEM32\VERSION.dll
0x00007ffdba4a0000 - 0x00007ffdba4d4000 	C:\Windows\SYSTEM32\WINMM.dll
0x00007ffdc21d0000 - 0x00007ffdc2241000 	C:\Windows\System32\WS2_32.dll
0x00007ffdc0530000 - 0x00007ffdc0548000 	C:\Windows\SYSTEM32\kernel.appcore.dll
0x00007ffdb77c0000 - 0x00007ffdb77ca000 	C:\Program Files\Android\Android Studio\jbr\bin\jimage.dll
0x00007ffdbef40000 - 0x00007ffdbf173000 	C:\Windows\SYSTEM32\DBGHELP.DLL
0x00007ffdc3950000 - 0x00007ffdc3cd8000 	C:\Windows\System32\combase.dll
0x00007ffdc24b0000 - 0x00007ffdc2587000 	C:\Windows\System32\OLEAUT32.dll
0x00007ffdb87c0000 - 0x00007ffdb87f2000 	C:\Windows\SYSTEM32\dbgcore.DLL
0x00007ffdc17d0000 - 0x00007ffdc1849000 	C:\Windows\System32\bcryptPrimitives.dll
0x00007ffd9f7d0000 - 0x00007ffd9f7f5000 	C:\Program Files\Android\Android Studio\jbr\bin\java.dll
0x00007ffdaa730000 - 0x00007ffdaa748000 	C:\Program Files\Android\Android Studio\jbr\bin\zip.dll
0x00007ffdc2590000 - 0x00007ffdc2dec000 	C:\Windows\System32\SHELL32.dll
0x00007ffdbf440000 - 0x00007ffdbfd39000 	C:\Windows\SYSTEM32\windows.storage.dll
0x00007ffdbf300000 - 0x00007ffdbf43e000 	C:\Windows\SYSTEM32\wintypes.dll
0x00007ffdc23b0000 - 0x00007ffdc24a3000 	C:\Windows\System32\SHCORE.dll
0x00007ffdc3e90000 - 0x00007ffdc3eee000 	C:\Windows\System32\shlwapi.dll
0x00007ffdc1440000 - 0x00007ffdc1461000 	C:\Windows\SYSTEM32\profapi.dll
0x00007ffda9040000 - 0x00007ffda9059000 	C:\Program Files\Android\Android Studio\jbr\bin\net.dll
0x00007ffdbad20000 - 0x00007ffdbae56000 	C:\Windows\SYSTEM32\WINHTTP.dll
0x00007ffdc09b0000 - 0x00007ffdc0a19000 	C:\Windows\system32\mswsock.dll
0x00007ffda4360000 - 0x00007ffda4376000 	C:\Program Files\Android\Android Studio\jbr\bin\nio.dll
0x00007ffdb1980000 - 0x00007ffdb1990000 	C:\Program Files\Android\Android Studio\jbr\bin\verify.dll
0x00007ffd9e190000 - 0x00007ffd9e1b7000 	C:\Users\91871\.gradle\native\c067742578af261105cb4f569cf0c3c89f3d7b1fecec35dd04571415982c5e48\windows-amd64\native-platform.dll
0x00007ffdad6c0000 - 0x00007ffdad6c9000 	C:\Program Files\Android\Android Studio\jbr\bin\management.dll
0x00007ffda8f30000 - 0x00007ffda8f3b000 	C:\Program Files\Android\Android Studio\jbr\bin\management_ext.dll
0x00007ffdc21c0000 - 0x00007ffdc21c8000 	C:\Windows\System32\PSAPI.DLL
0x00007ffdc0c20000 - 0x00007ffdc0c3b000 	C:\Windows\SYSTEM32\CRYPTSP.dll
0x00007ffdc0490000 - 0x00007ffdc04c5000 	C:\Windows\system32\rsaenh.dll
0x00007ffdc0ac0000 - 0x00007ffdc0ae8000 	C:\Windows\SYSTEM32\USERENV.dll
0x00007ffdc0c40000 - 0x00007ffdc0c4c000 	C:\Windows\SYSTEM32\CRYPTBASE.dll
0x00007ffdbffe0000 - 0x00007ffdc000d000 	C:\Windows\SYSTEM32\IPHLPAPI.DLL
0x00007ffdc32a0000 - 0x00007ffdc32a9000 	C:\Windows\System32\NSI.dll
0x00007ffdbb380000 - 0x00007ffdbb399000 	C:\Windows\SYSTEM32\dhcpcsvc6.DLL
0x00007ffdbaf20000 - 0x00007ffdbaf3f000 	C:\Windows\SYSTEM32\dhcpcsvc.DLL
0x00007ffdc0060000 - 0x00007ffdc0159000 	C:\Windows\SYSTEM32\DNSAPI.dll
0x00007ffd51850000 - 0x00007ffd51858000 	C:\Windows\system32\wshunix.dll

dbghelp: loaded successfully - version: 4.0.5 - missing functions: none
symbol engine: initialized successfully - sym options: 0x614 - pdb path: .;C:\Program Files\Android\Android Studio\jbr\bin;C:\Windows\SYSTEM32;C:\Windows\WinSxS\amd64_microsoft.windows.common-controls_6595b64144ccf1df_6.0.22621.3235_none_270f74e173860f98;C:\Program Files\Android\Android Studio\jbr\bin\server;C:\Users\91871\.gradle\native\c067742578af261105cb4f569cf0c3c89f3d7b1fecec35dd04571415982c5e48\windows-amd64

VM Arguments:
jvm_args: -Dorg.gradle.appname=gradlew 
java_command: org.gradle.wrapper.GradleWrapperMain -q -Ptarget-platform=android-arm64 -Ptarget=C:\Users\91871\Desktop\My Flutter Projects\instagram_project\lib\main.dart -Pbase-application-name=android.app.Application -Pdart-defines=RkxVVFRFUl9XRUJfQVVUT19ERVRFQ1Q9dHJ1ZQ==,RkxVVFRFUl9XRUJfQ0FOVkFTS0lUX1VSTD1odHRwczovL3d3dy5nc3RhdGljLmNvbS9mbHV0dGVyLWNhbnZhc2tpdC9hNWMyNGY1MzhkMDVhYWY2NmY3OTcyZmIyMzk1OWQ4Y2FmYjlmOTVhLw== -Pdart-obfuscation=false -Ptrack-widget-creation=true -Ptree-shake-icons=false -Pfilesystem-scheme=org-dartlang-root assembleDebug
java_class_path (initial): C:\Users\91871\Desktop\My Flutter Projects\instagram_project\android\\gradle\wrapper\gradle-wrapper.jar
Launcher Type: SUN_STANDARD

[Global flags]
     intx CICompilerCount                          = 4                                         {product} {ergonomic}
     uint ConcGCThreads                            = 3                                         {product} {ergonomic}
     uint G1ConcRefinementThreads                  = 10                                        {product} {ergonomic}
   size_t G1HeapRegionSize                         = 1048576                                   {product} {ergonomic}
    uintx GCDrainStackTargetSize                   = 64                                        {product} {ergonomic}
   size_t InitialHeapSize                          = 98566144                                  {product} {ergonomic}
   size_t MarkStackSize                            = 4194304                                   {product} {ergonomic}
   size_t MaxHeapSize                              = 1570766848                                {product} {ergonomic}
   size_t MaxNewSize                               = 941621248                                 {product} {ergonomic}
   size_t MinHeapDeltaBytes                        = 1048576                                   {product} {ergonomic}
   size_t MinHeapSize                              = 8388608                                   {product} {ergonomic}
    uintx NonNMethodCodeHeapSize                   = 5839372                                {pd product} {ergonomic}
    uintx NonProfiledCodeHeapSize                  = 122909434                              {pd product} {ergonomic}
    uintx ProfiledCodeHeapSize                     = 122909434                              {pd product} {ergonomic}
    uintx ReservedCodeCacheSize                    = 251658240                              {pd product} {ergonomic}
     bool SegmentedCodeCache                       = true                                      {product} {ergonomic}
   size_t SoftMaxHeapSize                          = 1570766848                             {manageable} {ergonomic}
     bool UseCompressedClassPointers               = true                           {product lp64_product} {ergonomic}
     bool UseCompressedOops                        = true                           {product lp64_product} {ergonomic}
     bool UseG1GC                                  = true                                      {product} {ergonomic}
     bool UseLargePagesIndividualAllocation        = false                                  {pd product} {ergonomic}

Logging:
Log output configuration:
 #0: stdout all=warning uptime,level,tags
 #1: stderr all=off uptime,level,tags

Environment Variables:
JAVA_HOME=C:\Program Files\Android\Android Studio\jbr
CLASSPATH=C:\Users\91871\Desktop\My Flutter Projects\instagram_project\android\\gradle\wrapper\gradle-wrapper.jar
PATH=C:\Program Files\Android\Android Studio\jbr\bin;C:\Users\91871\Documents\flutter\bin\;C:\ProgramData\Oracle\Java\javapath;C:\Program Files\Common Files\Oracle\Java\javapath;C:\Windows\system32;C:\Windows;C:\Windows\System32\Wbem;C:\Windows\System32\WindowsPowerShell\v1.0\;C:\Windows\System32\OpenSSH\;C:\Program Files\Git\cmd;C:\Program Files\dotnet\;C:\Program Files (x86)\Windows Kits\10\Windows Performance Toolkit\;C:\Program Files\nodejs\;C:\Users\91871\AppData\Local\Pub\Cache\bin;C:\Users\91871\AppData\Local\Microsoft\WindowsApps;C:\Program Files\mingw-w64\mingw64\bin;C:\Users\91871\AppData\Local\Programs\Microsoft VS Code\bin;C:\Users\91871\Documents\flutter\bin;C:\Users\91871\AppData\Roaming\npm;C:\Users\91871\AppData\Local\Pub\Cache\bin;;C:\Users\91871\Documents\flutter\bin\mingit\cmd
USERNAME=91871
LANG=en_US.UTF-8
OS=Windows_NT
PROCESSOR_IDENTIFIER=AMD64 Family 23 Model 104 Stepping 1, AuthenticAMD
TMP=C:\Users\91871\AppData\Local\Temp
TEMP=C:\Users\91871\AppData\Local\Temp


JNI global refs:
JNI global refs: 19, weak refs: 0

JNI global refs memory usage: 843, weak refs: 841


---------------  S Y S T E M  ---------------

OS:
 Windows 11 , 64 bit Build 22621 (10.0.22621.3374)
OS uptime: 8 days 3:54 hours
Hyper-V role detected

CPU: total 12 (initial active 12) (12 cores per cpu, 2 threads per core) family 23 model 104 stepping 1 microcode 0x0, cx8, cmov, fxsr, ht, mmx, 3dnowpref, sse, sse2, sse3, ssse3, sse4a, sse4.1, sse4.2, popcnt, lzcnt, tsc, tscinvbit, avx, avx2, aes, clmul, bmi1, bmi2, adx, sha, fma, vzeroupper, clflush, clflushopt, hv

Memory: 4k page, system-wide physical 5989M (1030M free)
TotalPageFile size 24421M (AvailPageFile size 1M)
current process WorkingSet (physical memory assigned to process): 57M, peak: 91M
current process commit charge ("private bytes"): 197M, peak: 198M

vm_info: OpenJDK 64-Bit Server VM (17.0.6+0-b2043.56-10027231) for windows-amd64 JRE (17.0.6+0-b2043.56-10027231), built on Apr 28 2023 00:43:19 by "androidbuild" with MS VC++ 16.10 / 16.11 (VS2019)

END.
